<?xml version="1.0" encoding="UTF-8"?>
<testsuite xmlns:xsi="http://www.w3.org/2001/XMLSchema-instance" xsi:noNamespaceSchemaLocation="https://maven.apache.org/surefire/maven-surefire-plugin/xsd/surefire-test-report.xsd" name="com.circuitbreaker.resilience4j.circuitbreaker.CircuitBreakerTest" time="2.682" tests="4" errors="0" skipped="0" failures="0">
  <properties>
    <property name="gopherProxySet" value="false"/>
    <property name="awt.toolkit" value="sun.lwawt.macosx.LWCToolkit"/>
    <property name="java.specification.version" value="11"/>
    <property name="sun.cpu.isalist" value=""/>
    <property name="sun.jnu.encoding" value="UTF-8"/>
    <property name="java.class.path" value="/Users/sashankasamantray/my_projects/backend/spring-app-resillience/spring-boot-resilience4j/target/test-classes:/Users/sashankasamantray/my_projects/backend/spring-app-resillience/spring-boot-resilience4j/target/classes:/Users/sashankasamantray/.m2/repository/org/springframework/boot/spring-boot-starter-actuator/2.5.2/spring-boot-starter-actuator-2.5.2.jar:/Users/sashankasamantray/.m2/repository/org/springframework/boot/spring-boot-starter/2.5.2/spring-boot-starter-2.5.2.jar:/Users/sashankasamantray/.m2/repository/org/springframework/boot/spring-boot/2.5.2/spring-boot-2.5.2.jar:/Users/sashankasamantray/.m2/repository/org/springframework/spring-context/5.3.8/spring-context-5.3.8.jar:/Users/sashankasamantray/.m2/repository/org/springframework/spring-expression/5.3.8/spring-expression-5.3.8.jar:/Users/sashankasamantray/.m2/repository/org/springframework/boot/spring-boot-autoconfigure/2.5.2/spring-boot-autoconfigure-2.5.2.jar:/Users/sashankasamantray/.m2/repository/org/springframework/boot/spring-boot-starter-logging/2.5.2/spring-boot-starter-logging-2.5.2.jar:/Users/sashankasamantray/.m2/repository/ch/qos/logback/logback-classic/1.2.3/logback-classic-1.2.3.jar:/Users/sashankasamantray/.m2/repository/ch/qos/logback/logback-core/1.2.3/logback-core-1.2.3.jar:/Users/sashankasamantray/.m2/repository/org/apache/logging/log4j/log4j-to-slf4j/2.14.1/log4j-to-slf4j-2.14.1.jar:/Users/sashankasamantray/.m2/repository/org/apache/logging/log4j/log4j-api/2.14.1/log4j-api-2.14.1.jar:/Users/sashankasamantray/.m2/repository/org/slf4j/jul-to-slf4j/1.7.31/jul-to-slf4j-1.7.31.jar:/Users/sashankasamantray/.m2/repository/jakarta/annotation/jakarta.annotation-api/1.3.5/jakarta.annotation-api-1.3.5.jar:/Users/sashankasamantray/.m2/repository/org/yaml/snakeyaml/1.28/snakeyaml-1.28.jar:/Users/sashankasamantray/.m2/repository/org/springframework/boot/spring-boot-actuator-autoconfigure/2.5.2/spring-boot-actuator-autoconfigure-2.5.2.jar:/Users/sashankasamantray/.m2/repository/org/springframework/boot/spring-boot-actuator/2.5.2/spring-boot-actuator-2.5.2.jar:/Users/sashankasamantray/.m2/repository/com/fasterxml/jackson/core/jackson-databind/2.12.3/jackson-databind-2.12.3.jar:/Users/sashankasamantray/.m2/repository/com/fasterxml/jackson/core/jackson-annotations/2.12.3/jackson-annotations-2.12.3.jar:/Users/sashankasamantray/.m2/repository/com/fasterxml/jackson/core/jackson-core/2.12.3/jackson-core-2.12.3.jar:/Users/sashankasamantray/.m2/repository/com/fasterxml/jackson/datatype/jackson-datatype-jsr310/2.12.3/jackson-datatype-jsr310-2.12.3.jar:/Users/sashankasamantray/.m2/repository/io/micrometer/micrometer-core/1.7.1/micrometer-core-1.7.1.jar:/Users/sashankasamantray/.m2/repository/org/hdrhistogram/HdrHistogram/2.1.12/HdrHistogram-2.1.12.jar:/Users/sashankasamantray/.m2/repository/org/latencyutils/LatencyUtils/2.0.3/LatencyUtils-2.0.3.jar:/Users/sashankasamantray/.m2/repository/org/springframework/boot/spring-boot-starter-webflux/2.5.2/spring-boot-starter-webflux-2.5.2.jar:/Users/sashankasamantray/.m2/repository/org/springframework/boot/spring-boot-starter-json/2.5.2/spring-boot-starter-json-2.5.2.jar:/Users/sashankasamantray/.m2/repository/com/fasterxml/jackson/datatype/jackson-datatype-jdk8/2.12.3/jackson-datatype-jdk8-2.12.3.jar:/Users/sashankasamantray/.m2/repository/com/fasterxml/jackson/module/jackson-module-parameter-names/2.12.3/jackson-module-parameter-names-2.12.3.jar:/Users/sashankasamantray/.m2/repository/org/springframework/boot/spring-boot-starter-reactor-netty/2.5.2/spring-boot-starter-reactor-netty-2.5.2.jar:/Users/sashankasamantray/.m2/repository/io/projectreactor/netty/reactor-netty-http/1.0.8/reactor-netty-http-1.0.8.jar:/Users/sashankasamantray/.m2/repository/io/netty/netty-codec-http/4.1.65.Final/netty-codec-http-4.1.65.Final.jar:/Users/sashankasamantray/.m2/repository/io/netty/netty-common/4.1.65.Final/netty-common-4.1.65.Final.jar:/Users/sashankasamantray/.m2/repository/io/netty/netty-buffer/4.1.65.Final/netty-buffer-4.1.65.Final.jar:/Users/sashankasamantray/.m2/repository/io/netty/netty-transport/4.1.65.Final/netty-transport-4.1.65.Final.jar:/Users/sashankasamantray/.m2/repository/io/netty/netty-codec/4.1.65.Final/netty-codec-4.1.65.Final.jar:/Users/sashankasamantray/.m2/repository/io/netty/netty-handler/4.1.65.Final/netty-handler-4.1.65.Final.jar:/Users/sashankasamantray/.m2/repository/io/netty/netty-codec-http2/4.1.65.Final/netty-codec-http2-4.1.65.Final.jar:/Users/sashankasamantray/.m2/repository/io/netty/netty-resolver-dns/4.1.65.Final/netty-resolver-dns-4.1.65.Final.jar:/Users/sashankasamantray/.m2/repository/io/netty/netty-resolver/4.1.65.Final/netty-resolver-4.1.65.Final.jar:/Users/sashankasamantray/.m2/repository/io/netty/netty-codec-dns/4.1.65.Final/netty-codec-dns-4.1.65.Final.jar:/Users/sashankasamantray/.m2/repository/io/netty/netty-resolver-dns-native-macos/4.1.65.Final/netty-resolver-dns-native-macos-4.1.65.Final-osx-x86_64.jar:/Users/sashankasamantray/.m2/repository/io/netty/netty-transport-native-unix-common/4.1.65.Final/netty-transport-native-unix-common-4.1.65.Final.jar:/Users/sashankasamantray/.m2/repository/io/netty/netty-transport-native-epoll/4.1.65.Final/netty-transport-native-epoll-4.1.65.Final-linux-x86_64.jar:/Users/sashankasamantray/.m2/repository/io/projectreactor/netty/reactor-netty-core/1.0.8/reactor-netty-core-1.0.8.jar:/Users/sashankasamantray/.m2/repository/io/netty/netty-handler-proxy/4.1.65.Final/netty-handler-proxy-4.1.65.Final.jar:/Users/sashankasamantray/.m2/repository/io/netty/netty-codec-socks/4.1.65.Final/netty-codec-socks-4.1.65.Final.jar:/Users/sashankasamantray/.m2/repository/org/springframework/spring-web/5.3.8/spring-web-5.3.8.jar:/Users/sashankasamantray/.m2/repository/org/springframework/spring-beans/5.3.8/spring-beans-5.3.8.jar:/Users/sashankasamantray/.m2/repository/org/springframework/spring-webflux/5.3.8/spring-webflux-5.3.8.jar:/Users/sashankasamantray/.m2/repository/org/springframework/boot/spring-boot-starter-aop/2.5.2/spring-boot-starter-aop-2.5.2.jar:/Users/sashankasamantray/.m2/repository/org/springframework/spring-aop/5.3.8/spring-aop-5.3.8.jar:/Users/sashankasamantray/.m2/repository/org/aspectj/aspectjweaver/1.9.6/aspectjweaver-1.9.6.jar:/Users/sashankasamantray/.m2/repository/io/github/resilience4j/resilience4j-spring-boot2/1.7.1/resilience4j-spring-boot2-1.7.1.jar:/Users/sashankasamantray/.m2/repository/io/vavr/vavr/0.10.2/vavr-0.10.2.jar:/Users/sashankasamantray/.m2/repository/io/vavr/vavr-match/0.10.2/vavr-match-0.10.2.jar:/Users/sashankasamantray/.m2/repository/io/github/resilience4j/resilience4j-spring/1.7.1/resilience4j-spring-1.7.1.jar:/Users/sashankasamantray/.m2/repository/io/github/resilience4j/resilience4j-annotations/1.7.1/resilience4j-annotations-1.7.1.jar:/Users/sashankasamantray/.m2/repository/io/github/resilience4j/resilience4j-consumer/1.7.1/resilience4j-consumer-1.7.1.jar:/Users/sashankasamantray/.m2/repository/io/github/resilience4j/resilience4j-circularbuffer/1.7.1/resilience4j-circularbuffer-1.7.1.jar:/Users/sashankasamantray/.m2/repository/io/github/resilience4j/resilience4j-framework-common/1.7.1/resilience4j-framework-common-1.7.1.jar:/Users/sashankasamantray/.m2/repository/org/slf4j/slf4j-api/1.7.31/slf4j-api-1.7.31.jar:/Users/sashankasamantray/.m2/repository/io/github/resilience4j/resilience4j-micrometer/1.7.1/resilience4j-micrometer-1.7.1.jar:/Users/sashankasamantray/.m2/repository/io/github/resilience4j/resilience4j-all/1.7.1/resilience4j-all-1.7.1.jar:/Users/sashankasamantray/.m2/repository/io/github/resilience4j/resilience4j-ratelimiter/1.7.1/resilience4j-ratelimiter-1.7.1.jar:/Users/sashankasamantray/.m2/repository/io/github/resilience4j/resilience4j-core/1.7.1/resilience4j-core-1.7.1.jar:/Users/sashankasamantray/.m2/repository/io/github/resilience4j/resilience4j-circuitbreaker/1.7.1/resilience4j-circuitbreaker-1.7.1.jar:/Users/sashankasamantray/.m2/repository/io/github/resilience4j/resilience4j-bulkhead/1.7.1/resilience4j-bulkhead-1.7.1.jar:/Users/sashankasamantray/.m2/repository/io/github/resilience4j/resilience4j-retry/1.7.1/resilience4j-retry-1.7.1.jar:/Users/sashankasamantray/.m2/repository/io/github/resilience4j/resilience4j-cache/1.7.1/resilience4j-cache-1.7.1.jar:/Users/sashankasamantray/.m2/repository/javax/cache/cache-api/1.1.1/cache-api-1.1.1.jar:/Users/sashankasamantray/.m2/repository/io/github/resilience4j/resilience4j-timelimiter/1.7.1/resilience4j-timelimiter-1.7.1.jar:/Users/sashankasamantray/.m2/repository/io/github/resilience4j/resilience4j-reactor/1.7.1/resilience4j-reactor-1.7.1.jar:/Users/sashankasamantray/.m2/repository/io/micrometer/micrometer-registry-prometheus/1.7.1/micrometer-registry-prometheus-1.7.1.jar:/Users/sashankasamantray/.m2/repository/io/prometheus/simpleclient_common/0.10.0/simpleclient_common-0.10.0.jar:/Users/sashankasamantray/.m2/repository/io/prometheus/simpleclient/0.10.0/simpleclient-0.10.0.jar:/Users/sashankasamantray/.m2/repository/org/springframework/boot/spring-boot-starter-test/2.5.2/spring-boot-starter-test-2.5.2.jar:/Users/sashankasamantray/.m2/repository/org/springframework/boot/spring-boot-test/2.5.2/spring-boot-test-2.5.2.jar:/Users/sashankasamantray/.m2/repository/org/springframework/boot/spring-boot-test-autoconfigure/2.5.2/spring-boot-test-autoconfigure-2.5.2.jar:/Users/sashankasamantray/.m2/repository/com/jayway/jsonpath/json-path/2.5.0/json-path-2.5.0.jar:/Users/sashankasamantray/.m2/repository/net/minidev/json-smart/2.4.7/json-smart-2.4.7.jar:/Users/sashankasamantray/.m2/repository/net/minidev/accessors-smart/2.4.7/accessors-smart-2.4.7.jar:/Users/sashankasamantray/.m2/repository/org/ow2/asm/asm/9.1/asm-9.1.jar:/Users/sashankasamantray/.m2/repository/jakarta/xml/bind/jakarta.xml.bind-api/2.3.3/jakarta.xml.bind-api-2.3.3.jar:/Users/sashankasamantray/.m2/repository/jakarta/activation/jakarta.activation-api/1.2.2/jakarta.activation-api-1.2.2.jar:/Users/sashankasamantray/.m2/repository/org/assertj/assertj-core/3.19.0/assertj-core-3.19.0.jar:/Users/sashankasamantray/.m2/repository/org/hamcrest/hamcrest/2.2/hamcrest-2.2.jar:/Users/sashankasamantray/.m2/repository/org/junit/jupiter/junit-jupiter/5.7.2/junit-jupiter-5.7.2.jar:/Users/sashankasamantray/.m2/repository/org/junit/jupiter/junit-jupiter-api/5.7.2/junit-jupiter-api-5.7.2.jar:/Users/sashankasamantray/.m2/repository/org/apiguardian/apiguardian-api/1.1.0/apiguardian-api-1.1.0.jar:/Users/sashankasamantray/.m2/repository/org/opentest4j/opentest4j/1.2.0/opentest4j-1.2.0.jar:/Users/sashankasamantray/.m2/repository/org/junit/platform/junit-platform-commons/1.7.2/junit-platform-commons-1.7.2.jar:/Users/sashankasamantray/.m2/repository/org/junit/jupiter/junit-jupiter-params/5.7.2/junit-jupiter-params-5.7.2.jar:/Users/sashankasamantray/.m2/repository/org/junit/jupiter/junit-jupiter-engine/5.7.2/junit-jupiter-engine-5.7.2.jar:/Users/sashankasamantray/.m2/repository/org/junit/platform/junit-platform-engine/1.7.2/junit-platform-engine-1.7.2.jar:/Users/sashankasamantray/.m2/repository/org/mockito/mockito-core/3.9.0/mockito-core-3.9.0.jar:/Users/sashankasamantray/.m2/repository/net/bytebuddy/byte-buddy/1.10.22/byte-buddy-1.10.22.jar:/Users/sashankasamantray/.m2/repository/net/bytebuddy/byte-buddy-agent/1.10.22/byte-buddy-agent-1.10.22.jar:/Users/sashankasamantray/.m2/repository/org/objenesis/objenesis/3.2/objenesis-3.2.jar:/Users/sashankasamantray/.m2/repository/org/mockito/mockito-junit-jupiter/3.9.0/mockito-junit-jupiter-3.9.0.jar:/Users/sashankasamantray/.m2/repository/org/skyscreamer/jsonassert/1.5.0/jsonassert-1.5.0.jar:/Users/sashankasamantray/.m2/repository/com/vaadin/external/google/android-json/0.0.20131108.vaadin1/android-json-0.0.20131108.vaadin1.jar:/Users/sashankasamantray/.m2/repository/org/springframework/spring-core/5.3.8/spring-core-5.3.8.jar:/Users/sashankasamantray/.m2/repository/org/springframework/spring-jcl/5.3.8/spring-jcl-5.3.8.jar:/Users/sashankasamantray/.m2/repository/org/springframework/spring-test/5.3.8/spring-test-5.3.8.jar:/Users/sashankasamantray/.m2/repository/org/xmlunit/xmlunit-core/2.8.2/xmlunit-core-2.8.2.jar:/Users/sashankasamantray/.m2/repository/io/projectreactor/reactor-test/3.4.7/reactor-test-3.4.7.jar:/Users/sashankasamantray/.m2/repository/io/projectreactor/reactor-core/3.4.7/reactor-core-3.4.7.jar:/Users/sashankasamantray/.m2/repository/org/reactivestreams/reactive-streams/1.0.3/reactive-streams-1.0.3.jar:"/>
    <property name="java.vm.vendor" value="Oracle Corporation"/>
    <property name="sun.arch.data.model" value="64"/>
    <property name="java.vendor.url" value="http://java.oracle.com/"/>
    <property name="user.timezone" value=""/>
    <property name="java.vm.specification.version" value="11"/>
    <property name="os.name" value="Mac OS X"/>
    <property name="sun.java.launcher" value="SUN_STANDARD"/>
    <property name="user.country" value="GB"/>
    <property name="sun.boot.library.path" value="/Library/Java/JavaVirtualMachines/jdk-11.0.5.jdk/Contents/Home/lib"/>
    <property name="sun.java.command" value="/Users/sashankasamantray/my_projects/backend/spring-app-resillience/spring-boot-resilience4j/target/surefire/surefirebooter13707060738592813555.jar /Users/sashankasamantray/my_projects/backend/spring-app-resillience/spring-boot-resilience4j/target/surefire 2021-09-11T20-57-53_717-jvmRun1 surefire9828353724466181626tmp surefire_018334413859042899763tmp"/>
    <property name="http.nonProxyHosts" value="local|*.local|169.254/16|*.169.254/16"/>
    <property name="jdk.debug" value="release"/>
    <property name="surefire.test.class.path" value="/Users/sashankasamantray/my_projects/backend/spring-app-resillience/spring-boot-resilience4j/target/test-classes:/Users/sashankasamantray/my_projects/backend/spring-app-resillience/spring-boot-resilience4j/target/classes:/Users/sashankasamantray/.m2/repository/org/springframework/boot/spring-boot-starter-actuator/2.5.2/spring-boot-starter-actuator-2.5.2.jar:/Users/sashankasamantray/.m2/repository/org/springframework/boot/spring-boot-starter/2.5.2/spring-boot-starter-2.5.2.jar:/Users/sashankasamantray/.m2/repository/org/springframework/boot/spring-boot/2.5.2/spring-boot-2.5.2.jar:/Users/sashankasamantray/.m2/repository/org/springframework/spring-context/5.3.8/spring-context-5.3.8.jar:/Users/sashankasamantray/.m2/repository/org/springframework/spring-expression/5.3.8/spring-expression-5.3.8.jar:/Users/sashankasamantray/.m2/repository/org/springframework/boot/spring-boot-autoconfigure/2.5.2/spring-boot-autoconfigure-2.5.2.jar:/Users/sashankasamantray/.m2/repository/org/springframework/boot/spring-boot-starter-logging/2.5.2/spring-boot-starter-logging-2.5.2.jar:/Users/sashankasamantray/.m2/repository/ch/qos/logback/logback-classic/1.2.3/logback-classic-1.2.3.jar:/Users/sashankasamantray/.m2/repository/ch/qos/logback/logback-core/1.2.3/logback-core-1.2.3.jar:/Users/sashankasamantray/.m2/repository/org/apache/logging/log4j/log4j-to-slf4j/2.14.1/log4j-to-slf4j-2.14.1.jar:/Users/sashankasamantray/.m2/repository/org/apache/logging/log4j/log4j-api/2.14.1/log4j-api-2.14.1.jar:/Users/sashankasamantray/.m2/repository/org/slf4j/jul-to-slf4j/1.7.31/jul-to-slf4j-1.7.31.jar:/Users/sashankasamantray/.m2/repository/jakarta/annotation/jakarta.annotation-api/1.3.5/jakarta.annotation-api-1.3.5.jar:/Users/sashankasamantray/.m2/repository/org/yaml/snakeyaml/1.28/snakeyaml-1.28.jar:/Users/sashankasamantray/.m2/repository/org/springframework/boot/spring-boot-actuator-autoconfigure/2.5.2/spring-boot-actuator-autoconfigure-2.5.2.jar:/Users/sashankasamantray/.m2/repository/org/springframework/boot/spring-boot-actuator/2.5.2/spring-boot-actuator-2.5.2.jar:/Users/sashankasamantray/.m2/repository/com/fasterxml/jackson/core/jackson-databind/2.12.3/jackson-databind-2.12.3.jar:/Users/sashankasamantray/.m2/repository/com/fasterxml/jackson/core/jackson-annotations/2.12.3/jackson-annotations-2.12.3.jar:/Users/sashankasamantray/.m2/repository/com/fasterxml/jackson/core/jackson-core/2.12.3/jackson-core-2.12.3.jar:/Users/sashankasamantray/.m2/repository/com/fasterxml/jackson/datatype/jackson-datatype-jsr310/2.12.3/jackson-datatype-jsr310-2.12.3.jar:/Users/sashankasamantray/.m2/repository/io/micrometer/micrometer-core/1.7.1/micrometer-core-1.7.1.jar:/Users/sashankasamantray/.m2/repository/org/hdrhistogram/HdrHistogram/2.1.12/HdrHistogram-2.1.12.jar:/Users/sashankasamantray/.m2/repository/org/latencyutils/LatencyUtils/2.0.3/LatencyUtils-2.0.3.jar:/Users/sashankasamantray/.m2/repository/org/springframework/boot/spring-boot-starter-webflux/2.5.2/spring-boot-starter-webflux-2.5.2.jar:/Users/sashankasamantray/.m2/repository/org/springframework/boot/spring-boot-starter-json/2.5.2/spring-boot-starter-json-2.5.2.jar:/Users/sashankasamantray/.m2/repository/com/fasterxml/jackson/datatype/jackson-datatype-jdk8/2.12.3/jackson-datatype-jdk8-2.12.3.jar:/Users/sashankasamantray/.m2/repository/com/fasterxml/jackson/module/jackson-module-parameter-names/2.12.3/jackson-module-parameter-names-2.12.3.jar:/Users/sashankasamantray/.m2/repository/org/springframework/boot/spring-boot-starter-reactor-netty/2.5.2/spring-boot-starter-reactor-netty-2.5.2.jar:/Users/sashankasamantray/.m2/repository/io/projectreactor/netty/reactor-netty-http/1.0.8/reactor-netty-http-1.0.8.jar:/Users/sashankasamantray/.m2/repository/io/netty/netty-codec-http/4.1.65.Final/netty-codec-http-4.1.65.Final.jar:/Users/sashankasamantray/.m2/repository/io/netty/netty-common/4.1.65.Final/netty-common-4.1.65.Final.jar:/Users/sashankasamantray/.m2/repository/io/netty/netty-buffer/4.1.65.Final/netty-buffer-4.1.65.Final.jar:/Users/sashankasamantray/.m2/repository/io/netty/netty-transport/4.1.65.Final/netty-transport-4.1.65.Final.jar:/Users/sashankasamantray/.m2/repository/io/netty/netty-codec/4.1.65.Final/netty-codec-4.1.65.Final.jar:/Users/sashankasamantray/.m2/repository/io/netty/netty-handler/4.1.65.Final/netty-handler-4.1.65.Final.jar:/Users/sashankasamantray/.m2/repository/io/netty/netty-codec-http2/4.1.65.Final/netty-codec-http2-4.1.65.Final.jar:/Users/sashankasamantray/.m2/repository/io/netty/netty-resolver-dns/4.1.65.Final/netty-resolver-dns-4.1.65.Final.jar:/Users/sashankasamantray/.m2/repository/io/netty/netty-resolver/4.1.65.Final/netty-resolver-4.1.65.Final.jar:/Users/sashankasamantray/.m2/repository/io/netty/netty-codec-dns/4.1.65.Final/netty-codec-dns-4.1.65.Final.jar:/Users/sashankasamantray/.m2/repository/io/netty/netty-resolver-dns-native-macos/4.1.65.Final/netty-resolver-dns-native-macos-4.1.65.Final-osx-x86_64.jar:/Users/sashankasamantray/.m2/repository/io/netty/netty-transport-native-unix-common/4.1.65.Final/netty-transport-native-unix-common-4.1.65.Final.jar:/Users/sashankasamantray/.m2/repository/io/netty/netty-transport-native-epoll/4.1.65.Final/netty-transport-native-epoll-4.1.65.Final-linux-x86_64.jar:/Users/sashankasamantray/.m2/repository/io/projectreactor/netty/reactor-netty-core/1.0.8/reactor-netty-core-1.0.8.jar:/Users/sashankasamantray/.m2/repository/io/netty/netty-handler-proxy/4.1.65.Final/netty-handler-proxy-4.1.65.Final.jar:/Users/sashankasamantray/.m2/repository/io/netty/netty-codec-socks/4.1.65.Final/netty-codec-socks-4.1.65.Final.jar:/Users/sashankasamantray/.m2/repository/org/springframework/spring-web/5.3.8/spring-web-5.3.8.jar:/Users/sashankasamantray/.m2/repository/org/springframework/spring-beans/5.3.8/spring-beans-5.3.8.jar:/Users/sashankasamantray/.m2/repository/org/springframework/spring-webflux/5.3.8/spring-webflux-5.3.8.jar:/Users/sashankasamantray/.m2/repository/org/springframework/boot/spring-boot-starter-aop/2.5.2/spring-boot-starter-aop-2.5.2.jar:/Users/sashankasamantray/.m2/repository/org/springframework/spring-aop/5.3.8/spring-aop-5.3.8.jar:/Users/sashankasamantray/.m2/repository/org/aspectj/aspectjweaver/1.9.6/aspectjweaver-1.9.6.jar:/Users/sashankasamantray/.m2/repository/io/github/resilience4j/resilience4j-spring-boot2/1.7.1/resilience4j-spring-boot2-1.7.1.jar:/Users/sashankasamantray/.m2/repository/io/vavr/vavr/0.10.2/vavr-0.10.2.jar:/Users/sashankasamantray/.m2/repository/io/vavr/vavr-match/0.10.2/vavr-match-0.10.2.jar:/Users/sashankasamantray/.m2/repository/io/github/resilience4j/resilience4j-spring/1.7.1/resilience4j-spring-1.7.1.jar:/Users/sashankasamantray/.m2/repository/io/github/resilience4j/resilience4j-annotations/1.7.1/resilience4j-annotations-1.7.1.jar:/Users/sashankasamantray/.m2/repository/io/github/resilience4j/resilience4j-consumer/1.7.1/resilience4j-consumer-1.7.1.jar:/Users/sashankasamantray/.m2/repository/io/github/resilience4j/resilience4j-circularbuffer/1.7.1/resilience4j-circularbuffer-1.7.1.jar:/Users/sashankasamantray/.m2/repository/io/github/resilience4j/resilience4j-framework-common/1.7.1/resilience4j-framework-common-1.7.1.jar:/Users/sashankasamantray/.m2/repository/org/slf4j/slf4j-api/1.7.31/slf4j-api-1.7.31.jar:/Users/sashankasamantray/.m2/repository/io/github/resilience4j/resilience4j-micrometer/1.7.1/resilience4j-micrometer-1.7.1.jar:/Users/sashankasamantray/.m2/repository/io/github/resilience4j/resilience4j-all/1.7.1/resilience4j-all-1.7.1.jar:/Users/sashankasamantray/.m2/repository/io/github/resilience4j/resilience4j-ratelimiter/1.7.1/resilience4j-ratelimiter-1.7.1.jar:/Users/sashankasamantray/.m2/repository/io/github/resilience4j/resilience4j-core/1.7.1/resilience4j-core-1.7.1.jar:/Users/sashankasamantray/.m2/repository/io/github/resilience4j/resilience4j-circuitbreaker/1.7.1/resilience4j-circuitbreaker-1.7.1.jar:/Users/sashankasamantray/.m2/repository/io/github/resilience4j/resilience4j-bulkhead/1.7.1/resilience4j-bulkhead-1.7.1.jar:/Users/sashankasamantray/.m2/repository/io/github/resilience4j/resilience4j-retry/1.7.1/resilience4j-retry-1.7.1.jar:/Users/sashankasamantray/.m2/repository/io/github/resilience4j/resilience4j-cache/1.7.1/resilience4j-cache-1.7.1.jar:/Users/sashankasamantray/.m2/repository/javax/cache/cache-api/1.1.1/cache-api-1.1.1.jar:/Users/sashankasamantray/.m2/repository/io/github/resilience4j/resilience4j-timelimiter/1.7.1/resilience4j-timelimiter-1.7.1.jar:/Users/sashankasamantray/.m2/repository/io/github/resilience4j/resilience4j-reactor/1.7.1/resilience4j-reactor-1.7.1.jar:/Users/sashankasamantray/.m2/repository/io/micrometer/micrometer-registry-prometheus/1.7.1/micrometer-registry-prometheus-1.7.1.jar:/Users/sashankasamantray/.m2/repository/io/prometheus/simpleclient_common/0.10.0/simpleclient_common-0.10.0.jar:/Users/sashankasamantray/.m2/repository/io/prometheus/simpleclient/0.10.0/simpleclient-0.10.0.jar:/Users/sashankasamantray/.m2/repository/org/springframework/boot/spring-boot-starter-test/2.5.2/spring-boot-starter-test-2.5.2.jar:/Users/sashankasamantray/.m2/repository/org/springframework/boot/spring-boot-test/2.5.2/spring-boot-test-2.5.2.jar:/Users/sashankasamantray/.m2/repository/org/springframework/boot/spring-boot-test-autoconfigure/2.5.2/spring-boot-test-autoconfigure-2.5.2.jar:/Users/sashankasamantray/.m2/repository/com/jayway/jsonpath/json-path/2.5.0/json-path-2.5.0.jar:/Users/sashankasamantray/.m2/repository/net/minidev/json-smart/2.4.7/json-smart-2.4.7.jar:/Users/sashankasamantray/.m2/repository/net/minidev/accessors-smart/2.4.7/accessors-smart-2.4.7.jar:/Users/sashankasamantray/.m2/repository/org/ow2/asm/asm/9.1/asm-9.1.jar:/Users/sashankasamantray/.m2/repository/jakarta/xml/bind/jakarta.xml.bind-api/2.3.3/jakarta.xml.bind-api-2.3.3.jar:/Users/sashankasamantray/.m2/repository/jakarta/activation/jakarta.activation-api/1.2.2/jakarta.activation-api-1.2.2.jar:/Users/sashankasamantray/.m2/repository/org/assertj/assertj-core/3.19.0/assertj-core-3.19.0.jar:/Users/sashankasamantray/.m2/repository/org/hamcrest/hamcrest/2.2/hamcrest-2.2.jar:/Users/sashankasamantray/.m2/repository/org/junit/jupiter/junit-jupiter/5.7.2/junit-jupiter-5.7.2.jar:/Users/sashankasamantray/.m2/repository/org/junit/jupiter/junit-jupiter-api/5.7.2/junit-jupiter-api-5.7.2.jar:/Users/sashankasamantray/.m2/repository/org/apiguardian/apiguardian-api/1.1.0/apiguardian-api-1.1.0.jar:/Users/sashankasamantray/.m2/repository/org/opentest4j/opentest4j/1.2.0/opentest4j-1.2.0.jar:/Users/sashankasamantray/.m2/repository/org/junit/platform/junit-platform-commons/1.7.2/junit-platform-commons-1.7.2.jar:/Users/sashankasamantray/.m2/repository/org/junit/jupiter/junit-jupiter-params/5.7.2/junit-jupiter-params-5.7.2.jar:/Users/sashankasamantray/.m2/repository/org/junit/jupiter/junit-jupiter-engine/5.7.2/junit-jupiter-engine-5.7.2.jar:/Users/sashankasamantray/.m2/repository/org/junit/platform/junit-platform-engine/1.7.2/junit-platform-engine-1.7.2.jar:/Users/sashankasamantray/.m2/repository/org/mockito/mockito-core/3.9.0/mockito-core-3.9.0.jar:/Users/sashankasamantray/.m2/repository/net/bytebuddy/byte-buddy/1.10.22/byte-buddy-1.10.22.jar:/Users/sashankasamantray/.m2/repository/net/bytebuddy/byte-buddy-agent/1.10.22/byte-buddy-agent-1.10.22.jar:/Users/sashankasamantray/.m2/repository/org/objenesis/objenesis/3.2/objenesis-3.2.jar:/Users/sashankasamantray/.m2/repository/org/mockito/mockito-junit-jupiter/3.9.0/mockito-junit-jupiter-3.9.0.jar:/Users/sashankasamantray/.m2/repository/org/skyscreamer/jsonassert/1.5.0/jsonassert-1.5.0.jar:/Users/sashankasamantray/.m2/repository/com/vaadin/external/google/android-json/0.0.20131108.vaadin1/android-json-0.0.20131108.vaadin1.jar:/Users/sashankasamantray/.m2/repository/org/springframework/spring-core/5.3.8/spring-core-5.3.8.jar:/Users/sashankasamantray/.m2/repository/org/springframework/spring-jcl/5.3.8/spring-jcl-5.3.8.jar:/Users/sashankasamantray/.m2/repository/org/springframework/spring-test/5.3.8/spring-test-5.3.8.jar:/Users/sashankasamantray/.m2/repository/org/xmlunit/xmlunit-core/2.8.2/xmlunit-core-2.8.2.jar:/Users/sashankasamantray/.m2/repository/io/projectreactor/reactor-test/3.4.7/reactor-test-3.4.7.jar:/Users/sashankasamantray/.m2/repository/io/projectreactor/reactor-core/3.4.7/reactor-core-3.4.7.jar:/Users/sashankasamantray/.m2/repository/org/reactivestreams/reactive-streams/1.0.3/reactive-streams-1.0.3.jar:"/>
    <property name="sun.cpu.endian" value="little"/>
    <property name="user.home" value="/Users/sashankasamantray"/>
    <property name="user.language" value="en"/>
    <property name="java.specification.vendor" value="Oracle Corporation"/>
    <property name="java.version.date" value="2019-10-15"/>
    <property name="java.home" value="/Library/Java/JavaVirtualMachines/jdk-11.0.5.jdk/Contents/Home"/>
    <property name="file.separator" value="/"/>
    <property name="basedir" value="/Users/sashankasamantray/my_projects/backend/spring-app-resillience/spring-boot-resilience4j"/>
    <property name="java.vm.compressedOopsMode" value="Zero based"/>
    <property name="line.separator" value="&#10;"/>
    <property name="java.specification.name" value="Java Platform API Specification"/>
    <property name="java.vm.specification.vendor" value="Oracle Corporation"/>
    <property name="java.awt.graphicsenv" value="sun.awt.CGraphicsEnvironment"/>
    <property name="surefire.real.class.path" value="/Users/sashankasamantray/my_projects/backend/spring-app-resillience/spring-boot-resilience4j/target/surefire/surefirebooter13707060738592813555.jar"/>
    <property name="sun.management.compiler" value="HotSpot 64-Bit Tiered Compilers"/>
    <property name="ftp.nonProxyHosts" value="local|*.local|169.254/16|*.169.254/16"/>
    <property name="java.runtime.version" value="11.0.5+10-LTS"/>
    <property name="user.name" value="sashankasamantray"/>
    <property name="path.separator" value=":"/>
    <property name="os.version" value="10.15.3"/>
    <property name="java.runtime.name" value="Java(TM) SE Runtime Environment"/>
    <property name="file.encoding" value="UTF-8"/>
    <property name="java.vm.name" value="Java HotSpot(TM) 64-Bit Server VM"/>
    <property name="java.vendor.version" value="18.9"/>
    <property name="localRepository" value="/Users/sashankasamantray/.m2/repository"/>
    <property name="java.vendor.url.bug" value="http://bugreport.java.com/bugreport/"/>
    <property name="java.io.tmpdir" value="/var/folders/g2/0xj87nls1kl50m1y6k5_23380000gn/T/"/>
    <property name="idea.version" value="2021.2.1"/>
    <property name="java.version" value="11.0.5"/>
    <property name="user.dir" value="/Users/sashankasamantray/my_projects/backend/spring-app-resillience/spring-boot-resilience4j"/>
    <property name="os.arch" value="x86_64"/>
    <property name="java.vm.specification.name" value="Java Virtual Machine Specification"/>
    <property name="java.awt.printerjob" value="sun.lwawt.macosx.CPrinterJob"/>
    <property name="sun.os.patch.level" value="unknown"/>
    <property name="java.library.path" value="/Users/sashankasamantray/Library/Java/Extensions:/Library/Java/Extensions:/Network/Library/Java/Extensions:/System/Library/Java/Extensions:/usr/lib/java:."/>
    <property name="java.vendor" value="Oracle Corporation"/>
    <property name="java.vm.info" value="mixed mode"/>
    <property name="java.vm.version" value="11.0.5+10-LTS"/>
    <property name="sun.io.unicode.encoding" value="UnicodeBig"/>
    <property name="java.class.version" value="55.0"/>
    <property name="socksNonProxyHosts" value="local|*.local|169.254/16|*.169.254/16"/>
  </properties>
  <testcase name="shouldOpenBackendACircuitBreaker" classname="com.circuitbreaker.resilience4j.circuitbreaker.CircuitBreakerTest" time="0.81"/>
  <testcase name="shouldCloseBackendBCircuitBreaker" classname="com.circuitbreaker.resilience4j.circuitbreaker.CircuitBreakerTest" time="0.024"/>
  <testcase name="shouldOpenBackendBCircuitBreaker" classname="com.circuitbreaker.resilience4j.circuitbreaker.CircuitBreakerTest" time="0.432"/>
  <testcase name="shouldCloseBackendACircuitBreaker" classname="com.circuitbreaker.resilience4j.circuitbreaker.CircuitBreakerTest" time="0.017"/>
</testsuite>