<?xml version="1.0" encoding="UTF-8"?>
<testsuite xmlns:xsi="http://www.w3.org/2001/XMLSchema-instance" xsi:noNamespaceSchemaLocation="https://maven.apache.org/surefire/maven-surefire-plugin/xsd/surefire-test-report.xsd" name="com.circuitbreaker.resilience4j.retry.RetryTest" time="4.29" tests="1" errors="0" skipped="0" failures="1">
  <properties>
    <property name="gopherProxySet" value="false"/>
    <property name="awt.toolkit" value="sun.lwawt.macosx.LWCToolkit"/>
    <property name="java.specification.version" value="11"/>
    <property name="sun.cpu.isalist" value=""/>
    <property name="sun.jnu.encoding" value="UTF-8"/>
    <property name="java.class.path" value="/Users/sashankasamantray/my_projects/backend/spring-app-resillience/spring-boot-resilience4j/target/test-classes:/Users/sashankasamantray/my_projects/backend/spring-app-resillience/spring-boot-resilience4j/target/classes:/Users/sashankasamantray/.m2/repository/org/springframework/boot/spring-boot-starter-actuator/2.5.2/spring-boot-starter-actuator-2.5.2.jar:/Users/sashankasamantray/.m2/repository/org/springframework/boot/spring-boot-starter/2.5.2/spring-boot-starter-2.5.2.jar:/Users/sashankasamantray/.m2/repository/org/springframework/boot/spring-boot/2.5.2/spring-boot-2.5.2.jar:/Users/sashankasamantray/.m2/repository/org/springframework/spring-context/5.3.8/spring-context-5.3.8.jar:/Users/sashankasamantray/.m2/repository/org/springframework/spring-expression/5.3.8/spring-expression-5.3.8.jar:/Users/sashankasamantray/.m2/repository/org/springframework/boot/spring-boot-autoconfigure/2.5.2/spring-boot-autoconfigure-2.5.2.jar:/Users/sashankasamantray/.m2/repository/org/springframework/boot/spring-boot-starter-logging/2.5.2/spring-boot-starter-logging-2.5.2.jar:/Users/sashankasamantray/.m2/repository/ch/qos/logback/logback-classic/1.2.3/logback-classic-1.2.3.jar:/Users/sashankasamantray/.m2/repository/ch/qos/logback/logback-core/1.2.3/logback-core-1.2.3.jar:/Users/sashankasamantray/.m2/repository/org/apache/logging/log4j/log4j-to-slf4j/2.14.1/log4j-to-slf4j-2.14.1.jar:/Users/sashankasamantray/.m2/repository/org/apache/logging/log4j/log4j-api/2.14.1/log4j-api-2.14.1.jar:/Users/sashankasamantray/.m2/repository/org/slf4j/jul-to-slf4j/1.7.31/jul-to-slf4j-1.7.31.jar:/Users/sashankasamantray/.m2/repository/jakarta/annotation/jakarta.annotation-api/1.3.5/jakarta.annotation-api-1.3.5.jar:/Users/sashankasamantray/.m2/repository/org/yaml/snakeyaml/1.28/snakeyaml-1.28.jar:/Users/sashankasamantray/.m2/repository/org/springframework/boot/spring-boot-actuator-autoconfigure/2.5.2/spring-boot-actuator-autoconfigure-2.5.2.jar:/Users/sashankasamantray/.m2/repository/org/springframework/boot/spring-boot-actuator/2.5.2/spring-boot-actuator-2.5.2.jar:/Users/sashankasamantray/.m2/repository/com/fasterxml/jackson/core/jackson-databind/2.12.3/jackson-databind-2.12.3.jar:/Users/sashankasamantray/.m2/repository/com/fasterxml/jackson/core/jackson-annotations/2.12.3/jackson-annotations-2.12.3.jar:/Users/sashankasamantray/.m2/repository/com/fasterxml/jackson/core/jackson-core/2.12.3/jackson-core-2.12.3.jar:/Users/sashankasamantray/.m2/repository/com/fasterxml/jackson/datatype/jackson-datatype-jsr310/2.12.3/jackson-datatype-jsr310-2.12.3.jar:/Users/sashankasamantray/.m2/repository/io/micrometer/micrometer-core/1.7.1/micrometer-core-1.7.1.jar:/Users/sashankasamantray/.m2/repository/org/hdrhistogram/HdrHistogram/2.1.12/HdrHistogram-2.1.12.jar:/Users/sashankasamantray/.m2/repository/org/latencyutils/LatencyUtils/2.0.3/LatencyUtils-2.0.3.jar:/Users/sashankasamantray/.m2/repository/org/springframework/boot/spring-boot-starter-webflux/2.5.2/spring-boot-starter-webflux-2.5.2.jar:/Users/sashankasamantray/.m2/repository/org/springframework/boot/spring-boot-starter-json/2.5.2/spring-boot-starter-json-2.5.2.jar:/Users/sashankasamantray/.m2/repository/com/fasterxml/jackson/datatype/jackson-datatype-jdk8/2.12.3/jackson-datatype-jdk8-2.12.3.jar:/Users/sashankasamantray/.m2/repository/com/fasterxml/jackson/module/jackson-module-parameter-names/2.12.3/jackson-module-parameter-names-2.12.3.jar:/Users/sashankasamantray/.m2/repository/org/springframework/boot/spring-boot-starter-reactor-netty/2.5.2/spring-boot-starter-reactor-netty-2.5.2.jar:/Users/sashankasamantray/.m2/repository/io/projectreactor/netty/reactor-netty-http/1.0.8/reactor-netty-http-1.0.8.jar:/Users/sashankasamantray/.m2/repository/io/netty/netty-codec-http/4.1.65.Final/netty-codec-http-4.1.65.Final.jar:/Users/sashankasamantray/.m2/repository/io/netty/netty-common/4.1.65.Final/netty-common-4.1.65.Final.jar:/Users/sashankasamantray/.m2/repository/io/netty/netty-buffer/4.1.65.Final/netty-buffer-4.1.65.Final.jar:/Users/sashankasamantray/.m2/repository/io/netty/netty-transport/4.1.65.Final/netty-transport-4.1.65.Final.jar:/Users/sashankasamantray/.m2/repository/io/netty/netty-codec/4.1.65.Final/netty-codec-4.1.65.Final.jar:/Users/sashankasamantray/.m2/repository/io/netty/netty-handler/4.1.65.Final/netty-handler-4.1.65.Final.jar:/Users/sashankasamantray/.m2/repository/io/netty/netty-codec-http2/4.1.65.Final/netty-codec-http2-4.1.65.Final.jar:/Users/sashankasamantray/.m2/repository/io/netty/netty-resolver-dns/4.1.65.Final/netty-resolver-dns-4.1.65.Final.jar:/Users/sashankasamantray/.m2/repository/io/netty/netty-resolver/4.1.65.Final/netty-resolver-4.1.65.Final.jar:/Users/sashankasamantray/.m2/repository/io/netty/netty-codec-dns/4.1.65.Final/netty-codec-dns-4.1.65.Final.jar:/Users/sashankasamantray/.m2/repository/io/netty/netty-resolver-dns-native-macos/4.1.65.Final/netty-resolver-dns-native-macos-4.1.65.Final-osx-x86_64.jar:/Users/sashankasamantray/.m2/repository/io/netty/netty-transport-native-unix-common/4.1.65.Final/netty-transport-native-unix-common-4.1.65.Final.jar:/Users/sashankasamantray/.m2/repository/io/netty/netty-transport-native-epoll/4.1.65.Final/netty-transport-native-epoll-4.1.65.Final-linux-x86_64.jar:/Users/sashankasamantray/.m2/repository/io/projectreactor/netty/reactor-netty-core/1.0.8/reactor-netty-core-1.0.8.jar:/Users/sashankasamantray/.m2/repository/io/netty/netty-handler-proxy/4.1.65.Final/netty-handler-proxy-4.1.65.Final.jar:/Users/sashankasamantray/.m2/repository/io/netty/netty-codec-socks/4.1.65.Final/netty-codec-socks-4.1.65.Final.jar:/Users/sashankasamantray/.m2/repository/org/springframework/spring-web/5.3.8/spring-web-5.3.8.jar:/Users/sashankasamantray/.m2/repository/org/springframework/spring-beans/5.3.8/spring-beans-5.3.8.jar:/Users/sashankasamantray/.m2/repository/org/springframework/spring-webflux/5.3.8/spring-webflux-5.3.8.jar:/Users/sashankasamantray/.m2/repository/org/springframework/boot/spring-boot-starter-aop/2.5.2/spring-boot-starter-aop-2.5.2.jar:/Users/sashankasamantray/.m2/repository/org/springframework/spring-aop/5.3.8/spring-aop-5.3.8.jar:/Users/sashankasamantray/.m2/repository/org/aspectj/aspectjweaver/1.9.6/aspectjweaver-1.9.6.jar:/Users/sashankasamantray/.m2/repository/io/github/resilience4j/resilience4j-spring-boot2/1.7.1/resilience4j-spring-boot2-1.7.1.jar:/Users/sashankasamantray/.m2/repository/io/vavr/vavr/0.10.2/vavr-0.10.2.jar:/Users/sashankasamantray/.m2/repository/io/vavr/vavr-match/0.10.2/vavr-match-0.10.2.jar:/Users/sashankasamantray/.m2/repository/io/github/resilience4j/resilience4j-spring/1.7.1/resilience4j-spring-1.7.1.jar:/Users/sashankasamantray/.m2/repository/io/github/resilience4j/resilience4j-annotations/1.7.1/resilience4j-annotations-1.7.1.jar:/Users/sashankasamantray/.m2/repository/io/github/resilience4j/resilience4j-consumer/1.7.1/resilience4j-consumer-1.7.1.jar:/Users/sashankasamantray/.m2/repository/io/github/resilience4j/resilience4j-circularbuffer/1.7.1/resilience4j-circularbuffer-1.7.1.jar:/Users/sashankasamantray/.m2/repository/io/github/resilience4j/resilience4j-framework-common/1.7.1/resilience4j-framework-common-1.7.1.jar:/Users/sashankasamantray/.m2/repository/org/slf4j/slf4j-api/1.7.31/slf4j-api-1.7.31.jar:/Users/sashankasamantray/.m2/repository/io/github/resilience4j/resilience4j-micrometer/1.7.1/resilience4j-micrometer-1.7.1.jar:/Users/sashankasamantray/.m2/repository/io/github/resilience4j/resilience4j-all/1.7.1/resilience4j-all-1.7.1.jar:/Users/sashankasamantray/.m2/repository/io/github/resilience4j/resilience4j-ratelimiter/1.7.1/resilience4j-ratelimiter-1.7.1.jar:/Users/sashankasamantray/.m2/repository/io/github/resilience4j/resilience4j-core/1.7.1/resilience4j-core-1.7.1.jar:/Users/sashankasamantray/.m2/repository/io/github/resilience4j/resilience4j-circuitbreaker/1.7.1/resilience4j-circuitbreaker-1.7.1.jar:/Users/sashankasamantray/.m2/repository/io/github/resilience4j/resilience4j-bulkhead/1.7.1/resilience4j-bulkhead-1.7.1.jar:/Users/sashankasamantray/.m2/repository/io/github/resilience4j/resilience4j-retry/1.7.1/resilience4j-retry-1.7.1.jar:/Users/sashankasamantray/.m2/repository/io/github/resilience4j/resilience4j-cache/1.7.1/resilience4j-cache-1.7.1.jar:/Users/sashankasamantray/.m2/repository/javax/cache/cache-api/1.1.1/cache-api-1.1.1.jar:/Users/sashankasamantray/.m2/repository/io/github/resilience4j/resilience4j-timelimiter/1.7.1/resilience4j-timelimiter-1.7.1.jar:/Users/sashankasamantray/.m2/repository/io/github/resilience4j/resilience4j-reactor/1.7.1/resilience4j-reactor-1.7.1.jar:/Users/sashankasamantray/.m2/repository/io/micrometer/micrometer-registry-prometheus/1.7.1/micrometer-registry-prometheus-1.7.1.jar:/Users/sashankasamantray/.m2/repository/io/prometheus/simpleclient_common/0.10.0/simpleclient_common-0.10.0.jar:/Users/sashankasamantray/.m2/repository/io/prometheus/simpleclient/0.10.0/simpleclient-0.10.0.jar:/Users/sashankasamantray/.m2/repository/org/springframework/boot/spring-boot-starter-test/2.5.2/spring-boot-starter-test-2.5.2.jar:/Users/sashankasamantray/.m2/repository/org/springframework/boot/spring-boot-test/2.5.2/spring-boot-test-2.5.2.jar:/Users/sashankasamantray/.m2/repository/org/springframework/boot/spring-boot-test-autoconfigure/2.5.2/spring-boot-test-autoconfigure-2.5.2.jar:/Users/sashankasamantray/.m2/repository/com/jayway/jsonpath/json-path/2.5.0/json-path-2.5.0.jar:/Users/sashankasamantray/.m2/repository/net/minidev/json-smart/2.4.7/json-smart-2.4.7.jar:/Users/sashankasamantray/.m2/repository/net/minidev/accessors-smart/2.4.7/accessors-smart-2.4.7.jar:/Users/sashankasamantray/.m2/repository/org/ow2/asm/asm/9.1/asm-9.1.jar:/Users/sashankasamantray/.m2/repository/jakarta/xml/bind/jakarta.xml.bind-api/2.3.3/jakarta.xml.bind-api-2.3.3.jar:/Users/sashankasamantray/.m2/repository/jakarta/activation/jakarta.activation-api/1.2.2/jakarta.activation-api-1.2.2.jar:/Users/sashankasamantray/.m2/repository/org/assertj/assertj-core/3.19.0/assertj-core-3.19.0.jar:/Users/sashankasamantray/.m2/repository/org/hamcrest/hamcrest/2.2/hamcrest-2.2.jar:/Users/sashankasamantray/.m2/repository/org/junit/jupiter/junit-jupiter/5.7.2/junit-jupiter-5.7.2.jar:/Users/sashankasamantray/.m2/repository/org/junit/jupiter/junit-jupiter-api/5.7.2/junit-jupiter-api-5.7.2.jar:/Users/sashankasamantray/.m2/repository/org/apiguardian/apiguardian-api/1.1.0/apiguardian-api-1.1.0.jar:/Users/sashankasamantray/.m2/repository/org/opentest4j/opentest4j/1.2.0/opentest4j-1.2.0.jar:/Users/sashankasamantray/.m2/repository/org/junit/platform/junit-platform-commons/1.7.2/junit-platform-commons-1.7.2.jar:/Users/sashankasamantray/.m2/repository/org/junit/jupiter/junit-jupiter-params/5.7.2/junit-jupiter-params-5.7.2.jar:/Users/sashankasamantray/.m2/repository/org/junit/jupiter/junit-jupiter-engine/5.7.2/junit-jupiter-engine-5.7.2.jar:/Users/sashankasamantray/.m2/repository/org/junit/platform/junit-platform-engine/1.7.2/junit-platform-engine-1.7.2.jar:/Users/sashankasamantray/.m2/repository/org/mockito/mockito-core/3.9.0/mockito-core-3.9.0.jar:/Users/sashankasamantray/.m2/repository/net/bytebuddy/byte-buddy/1.10.22/byte-buddy-1.10.22.jar:/Users/sashankasamantray/.m2/repository/net/bytebuddy/byte-buddy-agent/1.10.22/byte-buddy-agent-1.10.22.jar:/Users/sashankasamantray/.m2/repository/org/objenesis/objenesis/3.2/objenesis-3.2.jar:/Users/sashankasamantray/.m2/repository/org/mockito/mockito-junit-jupiter/3.9.0/mockito-junit-jupiter-3.9.0.jar:/Users/sashankasamantray/.m2/repository/org/skyscreamer/jsonassert/1.5.0/jsonassert-1.5.0.jar:/Users/sashankasamantray/.m2/repository/com/vaadin/external/google/android-json/0.0.20131108.vaadin1/android-json-0.0.20131108.vaadin1.jar:/Users/sashankasamantray/.m2/repository/org/springframework/spring-core/5.3.8/spring-core-5.3.8.jar:/Users/sashankasamantray/.m2/repository/org/springframework/spring-jcl/5.3.8/spring-jcl-5.3.8.jar:/Users/sashankasamantray/.m2/repository/org/springframework/spring-test/5.3.8/spring-test-5.3.8.jar:/Users/sashankasamantray/.m2/repository/org/xmlunit/xmlunit-core/2.8.2/xmlunit-core-2.8.2.jar:/Users/sashankasamantray/.m2/repository/io/projectreactor/reactor-test/3.4.7/reactor-test-3.4.7.jar:/Users/sashankasamantray/.m2/repository/io/projectreactor/reactor-core/3.4.7/reactor-core-3.4.7.jar:/Users/sashankasamantray/.m2/repository/org/reactivestreams/reactive-streams/1.0.3/reactive-streams-1.0.3.jar:"/>
    <property name="java.vm.vendor" value="Oracle Corporation"/>
    <property name="sun.arch.data.model" value="64"/>
    <property name="java.vendor.url" value="http://java.oracle.com/"/>
    <property name="user.timezone" value=""/>
    <property name="java.vm.specification.version" value="11"/>
    <property name="os.name" value="Mac OS X"/>
    <property name="sun.java.launcher" value="SUN_STANDARD"/>
    <property name="user.country" value="GB"/>
    <property name="sun.boot.library.path" value="/Library/Java/JavaVirtualMachines/jdk-11.0.5.jdk/Contents/Home/lib"/>
    <property name="sun.java.command" value="/Users/sashankasamantray/my_projects/backend/spring-app-resillience/spring-boot-resilience4j/target/surefire/surefirebooter13419181469896160592.jar /Users/sashankasamantray/my_projects/backend/spring-app-resillience/spring-boot-resilience4j/target/surefire 2021-09-11T19-16-44_609-jvmRun1 surefire11125214210151587261tmp surefire_09453481219426692131tmp"/>
    <property name="http.nonProxyHosts" value="local|*.local|169.254/16|*.169.254/16"/>
    <property name="jdk.debug" value="release"/>
    <property name="surefire.test.class.path" value="/Users/sashankasamantray/my_projects/backend/spring-app-resillience/spring-boot-resilience4j/target/test-classes:/Users/sashankasamantray/my_projects/backend/spring-app-resillience/spring-boot-resilience4j/target/classes:/Users/sashankasamantray/.m2/repository/org/springframework/boot/spring-boot-starter-actuator/2.5.2/spring-boot-starter-actuator-2.5.2.jar:/Users/sashankasamantray/.m2/repository/org/springframework/boot/spring-boot-starter/2.5.2/spring-boot-starter-2.5.2.jar:/Users/sashankasamantray/.m2/repository/org/springframework/boot/spring-boot/2.5.2/spring-boot-2.5.2.jar:/Users/sashankasamantray/.m2/repository/org/springframework/spring-context/5.3.8/spring-context-5.3.8.jar:/Users/sashankasamantray/.m2/repository/org/springframework/spring-expression/5.3.8/spring-expression-5.3.8.jar:/Users/sashankasamantray/.m2/repository/org/springframework/boot/spring-boot-autoconfigure/2.5.2/spring-boot-autoconfigure-2.5.2.jar:/Users/sashankasamantray/.m2/repository/org/springframework/boot/spring-boot-starter-logging/2.5.2/spring-boot-starter-logging-2.5.2.jar:/Users/sashankasamantray/.m2/repository/ch/qos/logback/logback-classic/1.2.3/logback-classic-1.2.3.jar:/Users/sashankasamantray/.m2/repository/ch/qos/logback/logback-core/1.2.3/logback-core-1.2.3.jar:/Users/sashankasamantray/.m2/repository/org/apache/logging/log4j/log4j-to-slf4j/2.14.1/log4j-to-slf4j-2.14.1.jar:/Users/sashankasamantray/.m2/repository/org/apache/logging/log4j/log4j-api/2.14.1/log4j-api-2.14.1.jar:/Users/sashankasamantray/.m2/repository/org/slf4j/jul-to-slf4j/1.7.31/jul-to-slf4j-1.7.31.jar:/Users/sashankasamantray/.m2/repository/jakarta/annotation/jakarta.annotation-api/1.3.5/jakarta.annotation-api-1.3.5.jar:/Users/sashankasamantray/.m2/repository/org/yaml/snakeyaml/1.28/snakeyaml-1.28.jar:/Users/sashankasamantray/.m2/repository/org/springframework/boot/spring-boot-actuator-autoconfigure/2.5.2/spring-boot-actuator-autoconfigure-2.5.2.jar:/Users/sashankasamantray/.m2/repository/org/springframework/boot/spring-boot-actuator/2.5.2/spring-boot-actuator-2.5.2.jar:/Users/sashankasamantray/.m2/repository/com/fasterxml/jackson/core/jackson-databind/2.12.3/jackson-databind-2.12.3.jar:/Users/sashankasamantray/.m2/repository/com/fasterxml/jackson/core/jackson-annotations/2.12.3/jackson-annotations-2.12.3.jar:/Users/sashankasamantray/.m2/repository/com/fasterxml/jackson/core/jackson-core/2.12.3/jackson-core-2.12.3.jar:/Users/sashankasamantray/.m2/repository/com/fasterxml/jackson/datatype/jackson-datatype-jsr310/2.12.3/jackson-datatype-jsr310-2.12.3.jar:/Users/sashankasamantray/.m2/repository/io/micrometer/micrometer-core/1.7.1/micrometer-core-1.7.1.jar:/Users/sashankasamantray/.m2/repository/org/hdrhistogram/HdrHistogram/2.1.12/HdrHistogram-2.1.12.jar:/Users/sashankasamantray/.m2/repository/org/latencyutils/LatencyUtils/2.0.3/LatencyUtils-2.0.3.jar:/Users/sashankasamantray/.m2/repository/org/springframework/boot/spring-boot-starter-webflux/2.5.2/spring-boot-starter-webflux-2.5.2.jar:/Users/sashankasamantray/.m2/repository/org/springframework/boot/spring-boot-starter-json/2.5.2/spring-boot-starter-json-2.5.2.jar:/Users/sashankasamantray/.m2/repository/com/fasterxml/jackson/datatype/jackson-datatype-jdk8/2.12.3/jackson-datatype-jdk8-2.12.3.jar:/Users/sashankasamantray/.m2/repository/com/fasterxml/jackson/module/jackson-module-parameter-names/2.12.3/jackson-module-parameter-names-2.12.3.jar:/Users/sashankasamantray/.m2/repository/org/springframework/boot/spring-boot-starter-reactor-netty/2.5.2/spring-boot-starter-reactor-netty-2.5.2.jar:/Users/sashankasamantray/.m2/repository/io/projectreactor/netty/reactor-netty-http/1.0.8/reactor-netty-http-1.0.8.jar:/Users/sashankasamantray/.m2/repository/io/netty/netty-codec-http/4.1.65.Final/netty-codec-http-4.1.65.Final.jar:/Users/sashankasamantray/.m2/repository/io/netty/netty-common/4.1.65.Final/netty-common-4.1.65.Final.jar:/Users/sashankasamantray/.m2/repository/io/netty/netty-buffer/4.1.65.Final/netty-buffer-4.1.65.Final.jar:/Users/sashankasamantray/.m2/repository/io/netty/netty-transport/4.1.65.Final/netty-transport-4.1.65.Final.jar:/Users/sashankasamantray/.m2/repository/io/netty/netty-codec/4.1.65.Final/netty-codec-4.1.65.Final.jar:/Users/sashankasamantray/.m2/repository/io/netty/netty-handler/4.1.65.Final/netty-handler-4.1.65.Final.jar:/Users/sashankasamantray/.m2/repository/io/netty/netty-codec-http2/4.1.65.Final/netty-codec-http2-4.1.65.Final.jar:/Users/sashankasamantray/.m2/repository/io/netty/netty-resolver-dns/4.1.65.Final/netty-resolver-dns-4.1.65.Final.jar:/Users/sashankasamantray/.m2/repository/io/netty/netty-resolver/4.1.65.Final/netty-resolver-4.1.65.Final.jar:/Users/sashankasamantray/.m2/repository/io/netty/netty-codec-dns/4.1.65.Final/netty-codec-dns-4.1.65.Final.jar:/Users/sashankasamantray/.m2/repository/io/netty/netty-resolver-dns-native-macos/4.1.65.Final/netty-resolver-dns-native-macos-4.1.65.Final-osx-x86_64.jar:/Users/sashankasamantray/.m2/repository/io/netty/netty-transport-native-unix-common/4.1.65.Final/netty-transport-native-unix-common-4.1.65.Final.jar:/Users/sashankasamantray/.m2/repository/io/netty/netty-transport-native-epoll/4.1.65.Final/netty-transport-native-epoll-4.1.65.Final-linux-x86_64.jar:/Users/sashankasamantray/.m2/repository/io/projectreactor/netty/reactor-netty-core/1.0.8/reactor-netty-core-1.0.8.jar:/Users/sashankasamantray/.m2/repository/io/netty/netty-handler-proxy/4.1.65.Final/netty-handler-proxy-4.1.65.Final.jar:/Users/sashankasamantray/.m2/repository/io/netty/netty-codec-socks/4.1.65.Final/netty-codec-socks-4.1.65.Final.jar:/Users/sashankasamantray/.m2/repository/org/springframework/spring-web/5.3.8/spring-web-5.3.8.jar:/Users/sashankasamantray/.m2/repository/org/springframework/spring-beans/5.3.8/spring-beans-5.3.8.jar:/Users/sashankasamantray/.m2/repository/org/springframework/spring-webflux/5.3.8/spring-webflux-5.3.8.jar:/Users/sashankasamantray/.m2/repository/org/springframework/boot/spring-boot-starter-aop/2.5.2/spring-boot-starter-aop-2.5.2.jar:/Users/sashankasamantray/.m2/repository/org/springframework/spring-aop/5.3.8/spring-aop-5.3.8.jar:/Users/sashankasamantray/.m2/repository/org/aspectj/aspectjweaver/1.9.6/aspectjweaver-1.9.6.jar:/Users/sashankasamantray/.m2/repository/io/github/resilience4j/resilience4j-spring-boot2/1.7.1/resilience4j-spring-boot2-1.7.1.jar:/Users/sashankasamantray/.m2/repository/io/vavr/vavr/0.10.2/vavr-0.10.2.jar:/Users/sashankasamantray/.m2/repository/io/vavr/vavr-match/0.10.2/vavr-match-0.10.2.jar:/Users/sashankasamantray/.m2/repository/io/github/resilience4j/resilience4j-spring/1.7.1/resilience4j-spring-1.7.1.jar:/Users/sashankasamantray/.m2/repository/io/github/resilience4j/resilience4j-annotations/1.7.1/resilience4j-annotations-1.7.1.jar:/Users/sashankasamantray/.m2/repository/io/github/resilience4j/resilience4j-consumer/1.7.1/resilience4j-consumer-1.7.1.jar:/Users/sashankasamantray/.m2/repository/io/github/resilience4j/resilience4j-circularbuffer/1.7.1/resilience4j-circularbuffer-1.7.1.jar:/Users/sashankasamantray/.m2/repository/io/github/resilience4j/resilience4j-framework-common/1.7.1/resilience4j-framework-common-1.7.1.jar:/Users/sashankasamantray/.m2/repository/org/slf4j/slf4j-api/1.7.31/slf4j-api-1.7.31.jar:/Users/sashankasamantray/.m2/repository/io/github/resilience4j/resilience4j-micrometer/1.7.1/resilience4j-micrometer-1.7.1.jar:/Users/sashankasamantray/.m2/repository/io/github/resilience4j/resilience4j-all/1.7.1/resilience4j-all-1.7.1.jar:/Users/sashankasamantray/.m2/repository/io/github/resilience4j/resilience4j-ratelimiter/1.7.1/resilience4j-ratelimiter-1.7.1.jar:/Users/sashankasamantray/.m2/repository/io/github/resilience4j/resilience4j-core/1.7.1/resilience4j-core-1.7.1.jar:/Users/sashankasamantray/.m2/repository/io/github/resilience4j/resilience4j-circuitbreaker/1.7.1/resilience4j-circuitbreaker-1.7.1.jar:/Users/sashankasamantray/.m2/repository/io/github/resilience4j/resilience4j-bulkhead/1.7.1/resilience4j-bulkhead-1.7.1.jar:/Users/sashankasamantray/.m2/repository/io/github/resilience4j/resilience4j-retry/1.7.1/resilience4j-retry-1.7.1.jar:/Users/sashankasamantray/.m2/repository/io/github/resilience4j/resilience4j-cache/1.7.1/resilience4j-cache-1.7.1.jar:/Users/sashankasamantray/.m2/repository/javax/cache/cache-api/1.1.1/cache-api-1.1.1.jar:/Users/sashankasamantray/.m2/repository/io/github/resilience4j/resilience4j-timelimiter/1.7.1/resilience4j-timelimiter-1.7.1.jar:/Users/sashankasamantray/.m2/repository/io/github/resilience4j/resilience4j-reactor/1.7.1/resilience4j-reactor-1.7.1.jar:/Users/sashankasamantray/.m2/repository/io/micrometer/micrometer-registry-prometheus/1.7.1/micrometer-registry-prometheus-1.7.1.jar:/Users/sashankasamantray/.m2/repository/io/prometheus/simpleclient_common/0.10.0/simpleclient_common-0.10.0.jar:/Users/sashankasamantray/.m2/repository/io/prometheus/simpleclient/0.10.0/simpleclient-0.10.0.jar:/Users/sashankasamantray/.m2/repository/org/springframework/boot/spring-boot-starter-test/2.5.2/spring-boot-starter-test-2.5.2.jar:/Users/sashankasamantray/.m2/repository/org/springframework/boot/spring-boot-test/2.5.2/spring-boot-test-2.5.2.jar:/Users/sashankasamantray/.m2/repository/org/springframework/boot/spring-boot-test-autoconfigure/2.5.2/spring-boot-test-autoconfigure-2.5.2.jar:/Users/sashankasamantray/.m2/repository/com/jayway/jsonpath/json-path/2.5.0/json-path-2.5.0.jar:/Users/sashankasamantray/.m2/repository/net/minidev/json-smart/2.4.7/json-smart-2.4.7.jar:/Users/sashankasamantray/.m2/repository/net/minidev/accessors-smart/2.4.7/accessors-smart-2.4.7.jar:/Users/sashankasamantray/.m2/repository/org/ow2/asm/asm/9.1/asm-9.1.jar:/Users/sashankasamantray/.m2/repository/jakarta/xml/bind/jakarta.xml.bind-api/2.3.3/jakarta.xml.bind-api-2.3.3.jar:/Users/sashankasamantray/.m2/repository/jakarta/activation/jakarta.activation-api/1.2.2/jakarta.activation-api-1.2.2.jar:/Users/sashankasamantray/.m2/repository/org/assertj/assertj-core/3.19.0/assertj-core-3.19.0.jar:/Users/sashankasamantray/.m2/repository/org/hamcrest/hamcrest/2.2/hamcrest-2.2.jar:/Users/sashankasamantray/.m2/repository/org/junit/jupiter/junit-jupiter/5.7.2/junit-jupiter-5.7.2.jar:/Users/sashankasamantray/.m2/repository/org/junit/jupiter/junit-jupiter-api/5.7.2/junit-jupiter-api-5.7.2.jar:/Users/sashankasamantray/.m2/repository/org/apiguardian/apiguardian-api/1.1.0/apiguardian-api-1.1.0.jar:/Users/sashankasamantray/.m2/repository/org/opentest4j/opentest4j/1.2.0/opentest4j-1.2.0.jar:/Users/sashankasamantray/.m2/repository/org/junit/platform/junit-platform-commons/1.7.2/junit-platform-commons-1.7.2.jar:/Users/sashankasamantray/.m2/repository/org/junit/jupiter/junit-jupiter-params/5.7.2/junit-jupiter-params-5.7.2.jar:/Users/sashankasamantray/.m2/repository/org/junit/jupiter/junit-jupiter-engine/5.7.2/junit-jupiter-engine-5.7.2.jar:/Users/sashankasamantray/.m2/repository/org/junit/platform/junit-platform-engine/1.7.2/junit-platform-engine-1.7.2.jar:/Users/sashankasamantray/.m2/repository/org/mockito/mockito-core/3.9.0/mockito-core-3.9.0.jar:/Users/sashankasamantray/.m2/repository/net/bytebuddy/byte-buddy/1.10.22/byte-buddy-1.10.22.jar:/Users/sashankasamantray/.m2/repository/net/bytebuddy/byte-buddy-agent/1.10.22/byte-buddy-agent-1.10.22.jar:/Users/sashankasamantray/.m2/repository/org/objenesis/objenesis/3.2/objenesis-3.2.jar:/Users/sashankasamantray/.m2/repository/org/mockito/mockito-junit-jupiter/3.9.0/mockito-junit-jupiter-3.9.0.jar:/Users/sashankasamantray/.m2/repository/org/skyscreamer/jsonassert/1.5.0/jsonassert-1.5.0.jar:/Users/sashankasamantray/.m2/repository/com/vaadin/external/google/android-json/0.0.20131108.vaadin1/android-json-0.0.20131108.vaadin1.jar:/Users/sashankasamantray/.m2/repository/org/springframework/spring-core/5.3.8/spring-core-5.3.8.jar:/Users/sashankasamantray/.m2/repository/org/springframework/spring-jcl/5.3.8/spring-jcl-5.3.8.jar:/Users/sashankasamantray/.m2/repository/org/springframework/spring-test/5.3.8/spring-test-5.3.8.jar:/Users/sashankasamantray/.m2/repository/org/xmlunit/xmlunit-core/2.8.2/xmlunit-core-2.8.2.jar:/Users/sashankasamantray/.m2/repository/io/projectreactor/reactor-test/3.4.7/reactor-test-3.4.7.jar:/Users/sashankasamantray/.m2/repository/io/projectreactor/reactor-core/3.4.7/reactor-core-3.4.7.jar:/Users/sashankasamantray/.m2/repository/org/reactivestreams/reactive-streams/1.0.3/reactive-streams-1.0.3.jar:"/>
    <property name="sun.cpu.endian" value="little"/>
    <property name="user.home" value="/Users/sashankasamantray"/>
    <property name="user.language" value="en"/>
    <property name="java.specification.vendor" value="Oracle Corporation"/>
    <property name="java.version.date" value="2019-10-15"/>
    <property name="java.home" value="/Library/Java/JavaVirtualMachines/jdk-11.0.5.jdk/Contents/Home"/>
    <property name="file.separator" value="/"/>
    <property name="basedir" value="/Users/sashankasamantray/my_projects/backend/spring-app-resillience/spring-boot-resilience4j"/>
    <property name="java.vm.compressedOopsMode" value="Zero based"/>
    <property name="line.separator" value="&#10;"/>
    <property name="java.specification.name" value="Java Platform API Specification"/>
    <property name="java.vm.specification.vendor" value="Oracle Corporation"/>
    <property name="java.awt.graphicsenv" value="sun.awt.CGraphicsEnvironment"/>
    <property name="surefire.real.class.path" value="/Users/sashankasamantray/my_projects/backend/spring-app-resillience/spring-boot-resilience4j/target/surefire/surefirebooter13419181469896160592.jar"/>
    <property name="sun.management.compiler" value="HotSpot 64-Bit Tiered Compilers"/>
    <property name="ftp.nonProxyHosts" value="local|*.local|169.254/16|*.169.254/16"/>
    <property name="java.runtime.version" value="11.0.5+10-LTS"/>
    <property name="user.name" value="sashankasamantray"/>
    <property name="path.separator" value=":"/>
    <property name="os.version" value="10.15.3"/>
    <property name="java.runtime.name" value="Java(TM) SE Runtime Environment"/>
    <property name="file.encoding" value="UTF-8"/>
    <property name="java.vm.name" value="Java HotSpot(TM) 64-Bit Server VM"/>
    <property name="java.vendor.version" value="18.9"/>
    <property name="localRepository" value="/Users/sashankasamantray/.m2/repository"/>
    <property name="java.vendor.url.bug" value="http://bugreport.java.com/bugreport/"/>
    <property name="java.io.tmpdir" value="/var/folders/g2/0xj87nls1kl50m1y6k5_23380000gn/T/"/>
    <property name="idea.version" value="2021.2.1"/>
    <property name="java.version" value="11.0.5"/>
    <property name="user.dir" value="/Users/sashankasamantray/my_projects/backend/spring-app-resillience/spring-boot-resilience4j"/>
    <property name="os.arch" value="x86_64"/>
    <property name="java.vm.specification.name" value="Java Virtual Machine Specification"/>
    <property name="java.awt.printerjob" value="sun.lwawt.macosx.CPrinterJob"/>
    <property name="sun.os.patch.level" value="unknown"/>
    <property name="java.library.path" value="/Users/sashankasamantray/Library/Java/Extensions:/Library/Java/Extensions:/Network/Library/Java/Extensions:/System/Library/Java/Extensions:/usr/lib/java:."/>
    <property name="java.vendor" value="Oracle Corporation"/>
    <property name="java.vm.info" value="mixed mode"/>
    <property name="java.vm.version" value="11.0.5+10-LTS"/>
    <property name="sun.io.unicode.encoding" value="UnicodeBig"/>
    <property name="java.class.version" value="55.0"/>
    <property name="socksNonProxyHosts" value="local|*.local|169.254/16|*.169.254/16"/>
  </properties>
  <testcase name="backendAShouldRetryThreeTimes" classname="com.circuitbreaker.resilience4j.retry.RetryTest" time="0.8">
    <failure message="&#10;Expecting:&#10;  &quot;{&#10;  &quot;timestamp&quot; : &quot;2021-09-11T17:16:54.624+00:00&quot;,&#10;  &quot;path&quot; : &quot;/actuator/prometheus&quot;,&#10;  &quot;status&quot; : 404,&#10;  &quot;error&quot; : &quot;Not Found&quot;,&#10;  &quot;message&quot; : null,&#10;  &quot;requestId&quot; : &quot;311c56aa-2&quot;&#10;}&quot;&#10;to contain:&#10;  &quot;resilience4j_retry_calls_total{application=&quot;resilience4j-demo&quot;,kind=&quot;failed_with_retry&quot;,name=&quot;backend-a&quot;,} 1.0&quot; " type="java.lang.AssertionError">java.lang.AssertionError: 

Expecting:
  "{
  "timestamp" : "2021-09-11T17:16:54.624+00:00",
  "path" : "/actuator/prometheus",
  "status" : 404,
  "error" : "Not Found",
  "message" : null,
  "requestId" : "311c56aa-2"
}"
to contain:
  "resilience4j_retry_calls_total{application="resilience4j-demo",kind="failed_with_retry",name="backend-a",} 1.0" 
	at com.circuitbreaker.resilience4j.retry.RetryTest.backendAShouldRetryThreeTimes(RetryTest.java:16)
</failure>
    <system-out><![CDATA[2021-09-11 19:16:50.338  INFO 22049 --- [           main] .b.t.c.SpringBootTestContextBootstrapper : Neither @ContextConfiguration nor @ContextHierarchy found for test class [com.circuitbreaker.resilience4j.retry.RetryTest], using SpringBootContextLoader
2021-09-11 19:16:50.345  INFO 22049 --- [           main] o.s.t.c.support.AbstractContextLoader    : Could not detect default resource locations for test class [com.circuitbreaker.resilience4j.retry.RetryTest]: no resource found for suffixes {-context.xml, Context.groovy}.
2021-09-11 19:16:50.366  INFO 22049 --- [           main] .b.t.c.SpringBootTestContextBootstrapper : Loaded default TestExecutionListener class names from location [META-INF/spring.factories]: [org.springframework.boot.test.mock.mockito.MockitoTestExecutionListener, org.springframework.boot.test.mock.mockito.ResetMocksTestExecutionListener, org.springframework.boot.test.autoconfigure.restdocs.RestDocsTestExecutionListener, org.springframework.boot.test.autoconfigure.web.client.MockRestServiceServerResetTestExecutionListener, org.springframework.boot.test.autoconfigure.web.servlet.MockMvcPrintOnlyOnFailureTestExecutionListener, org.springframework.boot.test.autoconfigure.web.servlet.WebDriverTestExecutionListener, org.springframework.boot.test.autoconfigure.webservices.client.MockWebServiceServerTestExecutionListener, org.springframework.test.context.web.ServletTestExecutionListener, org.springframework.test.context.support.DirtiesContextBeforeModesTestExecutionListener, org.springframework.test.context.event.ApplicationEventsTestExecutionListener, org.springframework.test.context.support.DependencyInjectionTestExecutionListener, org.springframework.test.context.support.DirtiesContextTestExecutionListener, org.springframework.test.context.transaction.TransactionalTestExecutionListener, org.springframework.test.context.jdbc.SqlScriptsTestExecutionListener, org.springframework.test.context.event.EventPublishingTestExecutionListener]
2021-09-11 19:16:50.374  INFO 22049 --- [           main] .b.t.c.SpringBootTestContextBootstrapper : Using TestExecutionListeners: [org.springframework.test.context.support.DirtiesContextBeforeModesTestExecutionListener@5bba9949, org.springframework.test.context.event.ApplicationEventsTestExecutionListener@147059f8, org.springframework.boot.test.mock.mockito.MockitoTestExecutionListener@744fb110, org.springframework.boot.test.autoconfigure.SpringBootDependencyInjectionTestExecutionListener@838e109, org.springframework.test.context.support.DirtiesContextTestExecutionListener@7474196, org.springframework.test.context.event.EventPublishingTestExecutionListener@11ee671f, org.springframework.boot.test.mock.mockito.ResetMocksTestExecutionListener@18209303, org.springframework.boot.test.autoconfigure.restdocs.RestDocsTestExecutionListener@57df09a7, org.springframework.boot.test.autoconfigure.web.client.MockRestServiceServerResetTestExecutionListener@6aa9a93b, org.springframework.boot.test.autoconfigure.web.servlet.MockMvcPrintOnlyOnFailureTestExecutionListener@81dfdee, org.springframework.boot.test.autoconfigure.web.servlet.WebDriverTestExecutionListener@14b9df65, org.springframework.boot.test.autoconfigure.webservices.client.MockWebServiceServerTestExecutionListener@3b046e64]

  .   ____          _            __ _ _
 /\\ / ___'_ __ _ _(_)_ __  __ _ \ \ \ \
( ( )\___ | '_ | '_| | '_ \/ _` | \ \ \ \
 \\/  ___)| |_)| | | | | || (_| |  ) ) ) )
  '  |____| .__|_| |_|_| |_\__, | / / / /
 =========|_|==============|___/=/_/_/_/
 :: Spring Boot ::                (v2.5.2)

2021-09-11 19:16:50.526  INFO 22049 --- [           main] c.c.resilience4j.retry.RetryTest         : Starting RetryTest using Java 11.0.5 on utcl105076.eu.rabonet.com with PID 22049 (started by sashankasamantray in /Users/sashankasamantray/my_projects/backend/spring-app-resillience/spring-boot-resilience4j)
2021-09-11 19:16:50.533  INFO 22049 --- [           main] c.c.resilience4j.retry.RetryTest         : No active profile set, falling back to default profiles: default
2021-09-11 19:16:53.371  INFO 22049 --- [           main] o.s.b.a.e.web.EndpointLinksResolver      : Exposing 2 endpoint(s) beneath base path '/actuator'
2021-09-11 19:16:53.850  INFO 22049 --- [           main] o.s.b.web.embedded.netty.NettyWebServer  : Netty started on port 50638
2021-09-11 19:16:53.855  INFO 22049 --- [           main] c.c.resilience4j.retry.RetryTest         : Started RetryTest in 3.471 seconds (JVM running for 9.051)
2021-09-11 19:16:54.418 ERROR 22049 --- [ctor-http-nio-2] a.w.r.e.AbstractErrorWebExceptionHandler : [311c56aa-1]  500 Server Error for HTTP GET "/backend-a/failure"

org.springframework.web.client.HttpServerErrorException: 500 This is a remote exception
	at com.circuitbreaker.resilience4j.service.BackendServiceA.failure(BackendServiceA.java:37) ~[classes/:na]
	Suppressed: reactor.core.publisher.FluxOnAssembly$OnAssemblyException: 
Error has been observed at the following site(s):
	|_ checkpoint ⇢ org.springframework.boot.actuate.metrics.web.reactive.server.MetricsWebFilter [DefaultWebFilterChain]
	|_ checkpoint ⇢ HTTP GET "/backend-a/failure" [ExceptionHandlingWebHandler]
Stack trace:
		at com.circuitbreaker.resilience4j.service.BackendServiceA.failure(BackendServiceA.java:37) ~[classes/:na]
		at com.circuitbreaker.resilience4j.service.BackendServiceA$$FastClassBySpringCGLIB$$a6996b1e.invoke(<generated>) ~[classes/:na]
		at org.springframework.cglib.proxy.MethodProxy.invoke(MethodProxy.java:218) ~[spring-core-5.3.8.jar:5.3.8]
		at org.springframework.aop.framework.CglibAopProxy$CglibMethodInvocation.invokeJoinpoint(CglibAopProxy.java:779) ~[spring-aop-5.3.8.jar:5.3.8]
		at org.springframework.aop.framework.ReflectiveMethodInvocation.proceed(ReflectiveMethodInvocation.java:163) ~[spring-aop-5.3.8.jar:5.3.8]
		at org.springframework.aop.framework.CglibAopProxy$CglibMethodInvocation.proceed(CglibAopProxy.java:750) ~[spring-aop-5.3.8.jar:5.3.8]
		at org.springframework.aop.aspectj.MethodInvocationProceedingJoinPoint.proceed(MethodInvocationProceedingJoinPoint.java:89) ~[spring-aop-5.3.8.jar:5.3.8]
		at io.github.resilience4j.bulkhead.Bulkhead.lambda$decorateCheckedSupplier$461fdbc9$1(Bulkhead.java:74) ~[resilience4j-bulkhead-1.7.1.jar:1.7.1]
		at io.github.resilience4j.bulkhead.Bulkhead.executeCheckedSupplier(Bulkhead.java:546) ~[resilience4j-bulkhead-1.7.1.jar:1.7.1]
		at io.github.resilience4j.bulkhead.configure.BulkheadAspect.handleJoinPoint(BulkheadAspect.java:211) ~[resilience4j-spring-1.7.1.jar:1.7.1]
		at io.github.resilience4j.bulkhead.configure.BulkheadAspect.proceed(BulkheadAspect.java:164) ~[resilience4j-spring-1.7.1.jar:1.7.1]
		at io.github.resilience4j.bulkhead.configure.BulkheadAspect.bulkheadAroundAdvice(BulkheadAspect.java:126) ~[resilience4j-spring-1.7.1.jar:1.7.1]
		at java.base/jdk.internal.reflect.NativeMethodAccessorImpl.invoke0(Native Method) ~[na:na]
		at java.base/jdk.internal.reflect.NativeMethodAccessorImpl.invoke(NativeMethodAccessorImpl.java:62) ~[na:na]
		at java.base/jdk.internal.reflect.DelegatingMethodAccessorImpl.invoke(DelegatingMethodAccessorImpl.java:43) ~[na:na]
		at java.base/java.lang.reflect.Method.invoke(Method.java:566) ~[na:na]
		at org.springframework.aop.aspectj.AbstractAspectJAdvice.invokeAdviceMethodWithGivenArgs(AbstractAspectJAdvice.java:634) ~[spring-aop-5.3.8.jar:5.3.8]
		at org.springframework.aop.aspectj.AbstractAspectJAdvice.invokeAdviceMethod(AbstractAspectJAdvice.java:624) ~[spring-aop-5.3.8.jar:5.3.8]
		at org.springframework.aop.aspectj.AspectJAroundAdvice.invoke(AspectJAroundAdvice.java:72) ~[spring-aop-5.3.8.jar:5.3.8]
		at org.springframework.aop.framework.ReflectiveMethodInvocation.proceed(ReflectiveMethodInvocation.java:175) ~[spring-aop-5.3.8.jar:5.3.8]
		at org.springframework.aop.framework.CglibAopProxy$CglibMethodInvocation.proceed(CglibAopProxy.java:750) ~[spring-aop-5.3.8.jar:5.3.8]
		at org.springframework.aop.aspectj.MethodInvocationProceedingJoinPoint.proceed(MethodInvocationProceedingJoinPoint.java:89) ~[spring-aop-5.3.8.jar:5.3.8]
		at io.github.resilience4j.circuitbreaker.CircuitBreaker.lambda$decorateCheckedSupplier$82a9021a$1(CircuitBreaker.java:73) ~[resilience4j-circuitbreaker-1.7.1.jar:1.7.1]
		at io.github.resilience4j.circuitbreaker.CircuitBreaker.executeCheckedSupplier(CircuitBreaker.java:834) ~[resilience4j-circuitbreaker-1.7.1.jar:1.7.1]
		at io.github.resilience4j.circuitbreaker.configure.CircuitBreakerAspect.defaultHandling(CircuitBreakerAspect.java:188) ~[resilience4j-spring-1.7.1.jar:1.7.1]
		at io.github.resilience4j.circuitbreaker.configure.CircuitBreakerAspect.proceed(CircuitBreakerAspect.java:135) ~[resilience4j-spring-1.7.1.jar:1.7.1]
		at io.github.resilience4j.circuitbreaker.configure.CircuitBreakerAspect.circuitBreakerAroundAdvice(CircuitBreakerAspect.java:112) ~[resilience4j-spring-1.7.1.jar:1.7.1]
		at java.base/jdk.internal.reflect.NativeMethodAccessorImpl.invoke0(Native Method) ~[na:na]
		at java.base/jdk.internal.reflect.NativeMethodAccessorImpl.invoke(NativeMethodAccessorImpl.java:62) ~[na:na]
		at java.base/jdk.internal.reflect.DelegatingMethodAccessorImpl.invoke(DelegatingMethodAccessorImpl.java:43) ~[na:na]
		at java.base/java.lang.reflect.Method.invoke(Method.java:566) ~[na:na]
		at org.springframework.aop.aspectj.AbstractAspectJAdvice.invokeAdviceMethodWithGivenArgs(AbstractAspectJAdvice.java:634) ~[spring-aop-5.3.8.jar:5.3.8]
		at org.springframework.aop.aspectj.AbstractAspectJAdvice.invokeAdviceMethod(AbstractAspectJAdvice.java:624) ~[spring-aop-5.3.8.jar:5.3.8]
		at org.springframework.aop.aspectj.AspectJAroundAdvice.invoke(AspectJAroundAdvice.java:72) ~[spring-aop-5.3.8.jar:5.3.8]
		at org.springframework.aop.framework.ReflectiveMethodInvocation.proceed(ReflectiveMethodInvocation.java:175) ~[spring-aop-5.3.8.jar:5.3.8]
		at org.springframework.aop.framework.CglibAopProxy$CglibMethodInvocation.proceed(CglibAopProxy.java:750) ~[spring-aop-5.3.8.jar:5.3.8]
		at org.springframework.aop.aspectj.MethodInvocationProceedingJoinPoint.proceed(MethodInvocationProceedingJoinPoint.java:89) ~[spring-aop-5.3.8.jar:5.3.8]
		at io.github.resilience4j.retry.Retry.lambda$decorateCheckedSupplier$3f69f149$1(Retry.java:137) ~[resilience4j-retry-1.7.1.jar:1.7.1]
		at io.github.resilience4j.retry.Retry.executeCheckedSupplier(Retry.java:419) ~[resilience4j-retry-1.7.1.jar:1.7.1]
		at io.github.resilience4j.retry.configure.RetryAspect.handleDefaultJoinPoint(RetryAspect.java:184) ~[resilience4j-spring-1.7.1.jar:1.7.1]
		at io.github.resilience4j.retry.configure.RetryAspect.proceed(RetryAspect.java:141) ~[resilience4j-spring-1.7.1.jar:1.7.1]
		at io.github.resilience4j.retry.configure.RetryAspect.retryAroundAdvice(RetryAspect.java:120) ~[resilience4j-spring-1.7.1.jar:1.7.1]
		at java.base/jdk.internal.reflect.NativeMethodAccessorImpl.invoke0(Native Method) ~[na:na]
		at java.base/jdk.internal.reflect.NativeMethodAccessorImpl.invoke(NativeMethodAccessorImpl.java:62) ~[na:na]
		at java.base/jdk.internal.reflect.DelegatingMethodAccessorImpl.invoke(DelegatingMethodAccessorImpl.java:43) ~[na:na]
		at java.base/java.lang.reflect.Method.invoke(Method.java:566) ~[na:na]
		at org.springframework.aop.aspectj.AbstractAspectJAdvice.invokeAdviceMethodWithGivenArgs(AbstractAspectJAdvice.java:634) ~[spring-aop-5.3.8.jar:5.3.8]
		at org.springframework.aop.aspectj.AbstractAspectJAdvice.invokeAdviceMethod(AbstractAspectJAdvice.java:624) ~[spring-aop-5.3.8.jar:5.3.8]
		at org.springframework.aop.aspectj.AspectJAroundAdvice.invoke(AspectJAroundAdvice.java:72) ~[spring-aop-5.3.8.jar:5.3.8]
		at org.springframework.aop.framework.ReflectiveMethodInvocation.proceed(ReflectiveMethodInvocation.java:175) ~[spring-aop-5.3.8.jar:5.3.8]
		at org.springframework.aop.framework.CglibAopProxy$CglibMethodInvocation.proceed(CglibAopProxy.java:750) ~[spring-aop-5.3.8.jar:5.3.8]
		at org.springframework.aop.interceptor.ExposeInvocationInterceptor.invoke(ExposeInvocationInterceptor.java:97) ~[spring-aop-5.3.8.jar:5.3.8]
		at org.springframework.aop.framework.ReflectiveMethodInvocation.proceed(ReflectiveMethodInvocation.java:186) ~[spring-aop-5.3.8.jar:5.3.8]
		at org.springframework.aop.framework.CglibAopProxy$CglibMethodInvocation.proceed(CglibAopProxy.java:750) ~[spring-aop-5.3.8.jar:5.3.8]
		at org.springframework.aop.framework.CglibAopProxy$DynamicAdvisedInterceptor.intercept(CglibAopProxy.java:692) ~[spring-aop-5.3.8.jar:5.3.8]
		at com.circuitbreaker.resilience4j.service.BackendServiceA$$EnhancerBySpringCGLIB$$88037b89.failure(<generated>) ~[classes/:na]
		at com.circuitbreaker.resilience4j.web.controller.RestControllerA.failure(RestControllerA.java:27) ~[classes/:na]
		at java.base/jdk.internal.reflect.NativeMethodAccessorImpl.invoke0(Native Method) ~[na:na]
		at java.base/jdk.internal.reflect.NativeMethodAccessorImpl.invoke(NativeMethodAccessorImpl.java:62) ~[na:na]
		at java.base/jdk.internal.reflect.DelegatingMethodAccessorImpl.invoke(DelegatingMethodAccessorImpl.java:43) ~[na:na]
		at java.base/java.lang.reflect.Method.invoke(Method.java:566) ~[na:na]
		at org.springframework.web.reactive.result.method.InvocableHandlerMethod.lambda$invoke$0(InvocableHandlerMethod.java:146) ~[spring-webflux-5.3.8.jar:5.3.8]
		at reactor.core.publisher.FluxFlatMap.trySubscribeScalarMap(FluxFlatMap.java:152) ~[reactor-core-3.4.7.jar:3.4.7]
		at reactor.core.publisher.MonoFlatMap.subscribeOrReturn(MonoFlatMap.java:53) ~[reactor-core-3.4.7.jar:3.4.7]
		at reactor.core.publisher.InternalMonoOperator.subscribe(InternalMonoOperator.java:57) ~[reactor-core-3.4.7.jar:3.4.7]
		at reactor.core.publisher.MonoDefer.subscribe(MonoDefer.java:52) ~[reactor-core-3.4.7.jar:3.4.7]
		at reactor.core.publisher.MonoIgnoreThen$ThenIgnoreMain.subscribeNext(MonoIgnoreThen.java:236) ~[reactor-core-3.4.7.jar:3.4.7]
		at reactor.core.publisher.MonoIgnoreThen$ThenIgnoreMain.onComplete(MonoIgnoreThen.java:203) ~[reactor-core-3.4.7.jar:3.4.7]
		at reactor.core.publisher.MonoFlatMap$FlatMapMain.onComplete(MonoFlatMap.java:181) ~[reactor-core-3.4.7.jar:3.4.7]
		at reactor.core.publisher.Operators.complete(Operators.java:136) ~[reactor-core-3.4.7.jar:3.4.7]
		at reactor.core.publisher.MonoZip.subscribe(MonoZip.java:120) ~[reactor-core-3.4.7.jar:3.4.7]
		at reactor.core.publisher.Mono.subscribe(Mono.java:4150) ~[reactor-core-3.4.7.jar:3.4.7]
		at reactor.core.publisher.MonoIgnoreThen$ThenIgnoreMain.subscribeNext(MonoIgnoreThen.java:255) ~[reactor-core-3.4.7.jar:3.4.7]
		at reactor.core.publisher.MonoIgnoreThen.subscribe(MonoIgnoreThen.java:51) ~[reactor-core-3.4.7.jar:3.4.7]
		at reactor.core.publisher.InternalMonoOperator.subscribe(InternalMonoOperator.java:64) ~[reactor-core-3.4.7.jar:3.4.7]
		at reactor.core.publisher.MonoFlatMap$FlatMapMain.onNext(MonoFlatMap.java:157) ~[reactor-core-3.4.7.jar:3.4.7]
		at reactor.core.publisher.FluxSwitchIfEmpty$SwitchIfEmptySubscriber.onNext(FluxSwitchIfEmpty.java:73) ~[reactor-core-3.4.7.jar:3.4.7]
		at reactor.core.publisher.MonoNext$NextSubscriber.onNext(MonoNext.java:82) ~[reactor-core-3.4.7.jar:3.4.7]
		at reactor.core.publisher.FluxConcatMap$ConcatMapImmediate.innerNext(FluxConcatMap.java:281) ~[reactor-core-3.4.7.jar:3.4.7]
		at reactor.core.publisher.FluxConcatMap$ConcatMapInner.onNext(FluxConcatMap.java:860) ~[reactor-core-3.4.7.jar:3.4.7]
		at reactor.core.publisher.FluxMapFuseable$MapFuseableSubscriber.onNext(FluxMapFuseable.java:127) ~[reactor-core-3.4.7.jar:3.4.7]
		at reactor.core.publisher.MonoPeekTerminal$MonoTerminalPeekSubscriber.onNext(MonoPeekTerminal.java:180) ~[reactor-core-3.4.7.jar:3.4.7]
		at reactor.core.publisher.Operators$ScalarSubscription.request(Operators.java:2397) ~[reactor-core-3.4.7.jar:3.4.7]
		at reactor.core.publisher.MonoPeekTerminal$MonoTerminalPeekSubscriber.request(MonoPeekTerminal.java:139) ~[reactor-core-3.4.7.jar:3.4.7]
		at reactor.core.publisher.FluxMapFuseable$MapFuseableSubscriber.request(FluxMapFuseable.java:169) ~[reactor-core-3.4.7.jar:3.4.7]
		at reactor.core.publisher.Operators$MultiSubscriptionSubscriber.set(Operators.java:2193) ~[reactor-core-3.4.7.jar:3.4.7]
		at reactor.core.publisher.Operators$MultiSubscriptionSubscriber.onSubscribe(Operators.java:2067) ~[reactor-core-3.4.7.jar:3.4.7]
		at reactor.core.publisher.FluxMapFuseable$MapFuseableSubscriber.onSubscribe(FluxMapFuseable.java:96) ~[reactor-core-3.4.7.jar:3.4.7]
		at reactor.core.publisher.MonoPeekTerminal$MonoTerminalPeekSubscriber.onSubscribe(MonoPeekTerminal.java:152) ~[reactor-core-3.4.7.jar:3.4.7]
		at reactor.core.publisher.MonoJust.subscribe(MonoJust.java:54) ~[reactor-core-3.4.7.jar:3.4.7]
		at reactor.core.publisher.Mono.subscribe(Mono.java:4150) ~[reactor-core-3.4.7.jar:3.4.7]
		at reactor.core.publisher.FluxConcatMap$ConcatMapImmediate.drain(FluxConcatMap.java:448) ~[reactor-core-3.4.7.jar:3.4.7]
		at reactor.core.publisher.FluxConcatMap$ConcatMapImmediate.onSubscribe(FluxConcatMap.java:218) ~[reactor-core-3.4.7.jar:3.4.7]
		at reactor.core.publisher.FluxIterable.subscribe(FluxIterable.java:164) ~[reactor-core-3.4.7.jar:3.4.7]
		at reactor.core.publisher.FluxIterable.subscribe(FluxIterable.java:86) ~[reactor-core-3.4.7.jar:3.4.7]
		at reactor.core.publisher.InternalMonoOperator.subscribe(InternalMonoOperator.java:64) ~[reactor-core-3.4.7.jar:3.4.7]
		at reactor.core.publisher.MonoDefer.subscribe(MonoDefer.java:52) ~[reactor-core-3.4.7.jar:3.4.7]
		at reactor.core.publisher.InternalMonoOperator.subscribe(InternalMonoOperator.java:64) ~[reactor-core-3.4.7.jar:3.4.7]
		at reactor.core.publisher.MonoDefer.subscribe(MonoDefer.java:52) ~[reactor-core-3.4.7.jar:3.4.7]
		at reactor.core.publisher.InternalMonoOperator.subscribe(InternalMonoOperator.java:64) ~[reactor-core-3.4.7.jar:3.4.7]
		at reactor.core.publisher.MonoDefer.subscribe(MonoDefer.java:52) ~[reactor-core-3.4.7.jar:3.4.7]
		at reactor.core.publisher.Mono.subscribe(Mono.java:4150) ~[reactor-core-3.4.7.jar:3.4.7]
		at reactor.core.publisher.MonoIgnoreThen$ThenIgnoreMain.subscribeNext(MonoIgnoreThen.java:255) ~[reactor-core-3.4.7.jar:3.4.7]
		at reactor.core.publisher.MonoIgnoreThen.subscribe(MonoIgnoreThen.java:51) ~[reactor-core-3.4.7.jar:3.4.7]
		at reactor.core.publisher.InternalMonoOperator.subscribe(InternalMonoOperator.java:64) ~[reactor-core-3.4.7.jar:3.4.7]
		at reactor.netty.http.server.HttpServer$HttpServerHandle.onStateChange(HttpServer.java:915) ~[reactor-netty-http-1.0.8.jar:1.0.8]
		at reactor.netty.ReactorNetty$CompositeConnectionObserver.onStateChange(ReactorNetty.java:654) ~[reactor-netty-core-1.0.8.jar:1.0.8]
		at reactor.netty.transport.ServerTransport$ChildObserver.onStateChange(ServerTransport.java:478) ~[reactor-netty-core-1.0.8.jar:1.0.8]
		at reactor.netty.http.server.HttpServerOperations.onInboundNext(HttpServerOperations.java:533) ~[reactor-netty-http-1.0.8.jar:1.0.8]
		at reactor.netty.channel.ChannelOperationsHandler.channelRead(ChannelOperationsHandler.java:94) ~[reactor-netty-core-1.0.8.jar:1.0.8]
		at io.netty.channel.AbstractChannelHandlerContext.invokeChannelRead(AbstractChannelHandlerContext.java:379) ~[netty-transport-4.1.65.Final.jar:4.1.65.Final]
		at io.netty.channel.AbstractChannelHandlerContext.invokeChannelRead(AbstractChannelHandlerContext.java:365) ~[netty-transport-4.1.65.Final.jar:4.1.65.Final]
		at io.netty.channel.AbstractChannelHandlerContext.fireChannelRead(AbstractChannelHandlerContext.java:357) ~[netty-transport-4.1.65.Final.jar:4.1.65.Final]
		at reactor.netty.http.server.HttpTrafficHandler.channelRead(HttpTrafficHandler.java:209) ~[reactor-netty-http-1.0.8.jar:1.0.8]
		at io.netty.channel.AbstractChannelHandlerContext.invokeChannelRead(AbstractChannelHandlerContext.java:379) ~[netty-transport-4.1.65.Final.jar:4.1.65.Final]
		at io.netty.channel.AbstractChannelHandlerContext.invokeChannelRead(AbstractChannelHandlerContext.java:365) ~[netty-transport-4.1.65.Final.jar:4.1.65.Final]
		at io.netty.channel.AbstractChannelHandlerContext.fireChannelRead(AbstractChannelHandlerContext.java:357) ~[netty-transport-4.1.65.Final.jar:4.1.65.Final]
		at io.netty.channel.CombinedChannelDuplexHandler$DelegatingChannelHandlerContext.fireChannelRead(CombinedChannelDuplexHandler.java:436) ~[netty-transport-4.1.65.Final.jar:4.1.65.Final]
		at io.netty.handler.codec.ByteToMessageDecoder.fireChannelRead(ByteToMessageDecoder.java:324) ~[netty-codec-4.1.65.Final.jar:4.1.65.Final]
		at io.netty.handler.codec.ByteToMessageDecoder.channelRead(ByteToMessageDecoder.java:296) ~[netty-codec-4.1.65.Final.jar:4.1.65.Final]
		at io.netty.channel.CombinedChannelDuplexHandler.channelRead(CombinedChannelDuplexHandler.java:251) ~[netty-transport-4.1.65.Final.jar:4.1.65.Final]
		at io.netty.channel.AbstractChannelHandlerContext.invokeChannelRead(AbstractChannelHandlerContext.java:379) ~[netty-transport-4.1.65.Final.jar:4.1.65.Final]
		at io.netty.channel.AbstractChannelHandlerContext.invokeChannelRead(AbstractChannelHandlerContext.java:365) ~[netty-transport-4.1.65.Final.jar:4.1.65.Final]
		at io.netty.channel.AbstractChannelHandlerContext.fireChannelRead(AbstractChannelHandlerContext.java:357) ~[netty-transport-4.1.65.Final.jar:4.1.65.Final]
		at io.netty.channel.DefaultChannelPipeline$HeadContext.channelRead(DefaultChannelPipeline.java:1410) ~[netty-transport-4.1.65.Final.jar:4.1.65.Final]
		at io.netty.channel.AbstractChannelHandlerContext.invokeChannelRead(AbstractChannelHandlerContext.java:379) ~[netty-transport-4.1.65.Final.jar:4.1.65.Final]
		at io.netty.channel.AbstractChannelHandlerContext.invokeChannelRead(AbstractChannelHandlerContext.java:365) ~[netty-transport-4.1.65.Final.jar:4.1.65.Final]
		at io.netty.channel.DefaultChannelPipeline.fireChannelRead(DefaultChannelPipeline.java:919) ~[netty-transport-4.1.65.Final.jar:4.1.65.Final]
		at io.netty.channel.nio.AbstractNioByteChannel$NioByteUnsafe.read(AbstractNioByteChannel.java:166) ~[netty-transport-4.1.65.Final.jar:4.1.65.Final]
		at io.netty.channel.nio.NioEventLoop.processSelectedKey(NioEventLoop.java:719) ~[netty-transport-4.1.65.Final.jar:4.1.65.Final]
		at io.netty.channel.nio.NioEventLoop.processSelectedKeysOptimized(NioEventLoop.java:655) ~[netty-transport-4.1.65.Final.jar:4.1.65.Final]
		at io.netty.channel.nio.NioEventLoop.processSelectedKeys(NioEventLoop.java:581) ~[netty-transport-4.1.65.Final.jar:4.1.65.Final]
		at io.netty.channel.nio.NioEventLoop.run(NioEventLoop.java:493) ~[netty-transport-4.1.65.Final.jar:4.1.65.Final]
		at io.netty.util.concurrent.SingleThreadEventExecutor$4.run(SingleThreadEventExecutor.java:989) ~[netty-common-4.1.65.Final.jar:4.1.65.Final]
		at io.netty.util.internal.ThreadExecutorMap$2.run(ThreadExecutorMap.java:74) ~[netty-common-4.1.65.Final.jar:4.1.65.Final]
		at io.netty.util.concurrent.FastThreadLocalRunnable.run(FastThreadLocalRunnable.java:30) ~[netty-common-4.1.65.Final.jar:4.1.65.Final]
		at java.base/java.lang.Thread.run(Thread.java:834) ~[na:na]

]]></system-out>
  </testcase>
</testsuite>